
  .   ____          _            __ _ _
 /\\ / ___'_ __ _ _(_)_ __  __ _ \ \ \ \
( ( )\___ | '_ | '_| | '_ \/ _` | \ \ \ \
 \\/  ___)| |_)| | | | | || (_| |  ) ) ) )
  '  |____| .__|_| |_|_| |_\__, | / / / /
 =========|_|==============|___/=/_/_/_/

 :: Spring Boot ::               (v3.5.10)

2026-02-01T20:29:22.634+05:30  INFO 24912 --- [           main] com.neurofleetx.BackendApplication       : Starting BackendApplication v0.0.1-SNAPSHOT using Java 17.0.12 with PID 24912 (D:\Begin\backend\target\backend-0.0.1-SNAPSHOT.jar started by dell in D:\Begin\backend)
2026-02-01T20:29:22.634+05:30  INFO 24912 --- [           main] com.neurofleetx.BackendApplication       : No active profile set, falling back to 1 default profile: "default"
2026-02-01T20:29:23.313+05:30  INFO 24912 --- [           main] .s.d.r.c.RepositoryConfigurationDelegate : Bootstrapping Spring Data JPA repositories in DEFAULT mode.
2026-02-01T20:29:23.373+05:30  INFO 24912 --- [           main] .s.d.r.c.RepositoryConfigurationDelegate : Finished Spring Data repository scanning in 48 ms. Found 4 JPA repository interfaces.
2026-02-01T20:29:23.873+05:30  INFO 24912 --- [           main] o.s.b.w.embedded.tomcat.TomcatWebServer  : Tomcat initialized with port 8080 (http)
2026-02-01T20:29:23.883+05:30  INFO 24912 --- [           main] o.apache.catalina.core.StandardService   : Starting service [Tomcat]
2026-02-01T20:29:23.883+05:30  INFO 24912 --- [           main] o.apache.catalina.core.StandardEngine    : Starting Servlet engine: [Apache Tomcat/10.1.50]
2026-02-01T20:29:23.911+05:30  INFO 24912 --- [           main] o.a.c.c.C.[Tomcat].[localhost].[/]       : Initializing Spring embedded WebApplicationContext
2026-02-01T20:29:23.911+05:30  INFO 24912 --- [           main] w.s.c.ServletWebServerApplicationContext : Root WebApplicationContext: initialization completed in 1212 ms
2026-02-01T20:29:24.116+05:30  INFO 24912 --- [           main] o.hibernate.jpa.internal.util.LogHelper  : HHH000204: Processing PersistenceUnitInfo [name: default]
2026-02-01T20:29:24.171+05:30  INFO 24912 --- [           main] org.hibernate.Version                    : HHH000412: Hibernate ORM core version 6.6.41.Final
2026-02-01T20:29:24.199+05:30  INFO 24912 --- [           main] o.h.c.internal.RegionFactoryInitiator    : HHH000026: Second-level cache disabled
2026-02-01T20:29:24.467+05:30  INFO 24912 --- [           main] o.s.o.j.p.SpringPersistenceUnitInfo      : No LoadTimeWeaver setup: ignoring JPA class transformer
2026-02-01T20:29:24.488+05:30  INFO 24912 --- [           main] com.zaxxer.hikari.HikariDataSource       : HikariPool-1 - Starting...
2026-02-01T20:29:24.647+05:30  INFO 24912 --- [           main] com.zaxxer.hikari.pool.HikariPool        : HikariPool-1 - Added connection com.mysql.cj.jdbc.ConnectionImpl@5fdb7394
2026-02-01T20:29:24.647+05:30  INFO 24912 --- [           main] com.zaxxer.hikari.HikariDataSource       : HikariPool-1 - Start completed.
2026-02-01T20:29:24.684+05:30  WARN 24912 --- [           main] org.hibernate.orm.deprecation            : HHH90000025: MySQL8Dialect does not need to be specified explicitly using 'hibernate.dialect' (remove the property setting and it will be selected by default)
2026-02-01T20:29:24.684+05:30  WARN 24912 --- [           main] org.hibernate.orm.deprecation            : HHH90000026: MySQL8Dialect has been deprecated; use org.hibernate.dialect.MySQLDialect instead
2026-02-01T20:29:24.697+05:30  INFO 24912 --- [           main] org.hibernate.orm.connections.pooling    : HHH10001005: Database info:
	Database JDBC URL [Connecting through datasource 'HikariDataSource (HikariPool-1)']
	Database driver: undefined/unknown
	Database version: 8.0
	Autocommit mode: undefined/unknown
	Isolation level: undefined/unknown
	Minimum pool size: undefined/unknown
	Maximum pool size: undefined/unknown
2026-02-01T20:29:25.333+05:30  INFO 24912 --- [           main] o.h.e.t.j.p.i.JtaPlatformInitiator       : HHH000489: No JTA platform available (set 'hibernate.transaction.jta.platform' to enable JTA platform integration)
2026-02-01T20:29:25.399+05:30  INFO 24912 --- [           main] j.LocalContainerEntityManagerFactoryBean : Initialized JPA EntityManagerFactory for persistence unit 'default'
2026-02-01T20:29:25.953+05:30  WARN 24912 --- [           main] JpaBaseConfiguration$JpaWebConfiguration : spring.jpa.open-in-view is enabled by default. Therefore, database queries may be performed during view rendering. Explicitly configure spring.jpa.open-in-view to disable this warning
2026-02-01T20:29:26.151+05:30  WARN 24912 --- [           main] .s.s.UserDetailsServiceAutoConfiguration : 

Using generated security password: 08fd38b9-cb13-4f63-83c2-6c4972066db0

This generated password is for development use only. Your security configuration must be updated before running your application in production.

2026-02-01T20:29:26.167+05:30  INFO 24912 --- [           main] r$InitializeUserDetailsManagerConfigurer : Global AuthenticationManager configured with UserDetailsService bean with name inMemoryUserDetailsManager
2026-02-01T20:29:26.487+05:30  INFO 24912 --- [           main] o.s.b.w.embedded.tomcat.TomcatWebServer  : Tomcat started on port 8080 (http) with context path '/'
2026-02-01T20:29:26.504+05:30  INFO 24912 --- [           main] com.neurofleetx.BackendApplication       : Started BackendApplication in 4.287 seconds (process running for 4.693)
Hibernate: select u1_0.id,u1_0.email,u1_0.name,u1_0.password,u1_0.role from users u1_0 where u1_0.email=?
Hibernate: select u1_0.id,u1_0.email,u1_0.name,u1_0.password,u1_0.role from users u1_0 where u1_0.id=?
Hibernate: update users set email=?,name=?,password=?,role=? where id=?
? Seeded/Updated Admin User (admin@gmail.com)
Hibernate: select u1_0.id,u1_0.email,u1_0.name,u1_0.password,u1_0.role from users u1_0 where u1_0.email=?
Hibernate: select u1_0.id,u1_0.email,u1_0.name,u1_0.password,u1_0.role from users u1_0 where u1_0.id=?
Hibernate: update users set email=?,name=?,password=?,role=? where id=?
Hibernate: select u1_0.id,u1_0.email,u1_0.name,u1_0.password,u1_0.role from users u1_0 where u1_0.email=?
Hibernate: select u1_0.id,u1_0.email,u1_0.name,u1_0.password,u1_0.role from users u1_0 where u1_0.id=?
Hibernate: update users set email=?,name=?,password=?,role=? where id=?
Hibernate: select u1_0.id,u1_0.email,u1_0.name,u1_0.password,u1_0.role from users u1_0 where u1_0.email=?
Hibernate: select u1_0.id,u1_0.email,u1_0.name,u1_0.password,u1_0.role from users u1_0 where u1_0.id=?
Hibernate: update users set email=?,name=?,password=?,role=? where id=?
Hibernate: select u1_0.id,u1_0.email,u1_0.name,u1_0.password,u1_0.role from users u1_0 where u1_0.email=?
Hibernate: select u1_0.id,u1_0.email,u1_0.name,u1_0.password,u1_0.role from users u1_0 where u1_0.id=?
Hibernate: update users set email=?,name=?,password=?,role=? where id=?
Hibernate: select u1_0.id,u1_0.email,u1_0.name,u1_0.password,u1_0.role from users u1_0 where u1_0.email=?
Hibernate: select u1_0.id,u1_0.email,u1_0.name,u1_0.password,u1_0.role from users u1_0 where u1_0.id=?
Hibernate: update users set email=?,name=?,password=?,role=? where id=?
Hibernate: select u1_0.id,u1_0.email,u1_0.name,u1_0.password,u1_0.role from users u1_0 where u1_0.email=?
Hibernate: select u1_0.id,u1_0.email,u1_0.name,u1_0.password,u1_0.role from users u1_0 where u1_0.id=?
Hibernate: update users set email=?,name=?,password=?,role=? where id=?
Hibernate: select u1_0.id,u1_0.email,u1_0.name,u1_0.password,u1_0.role from users u1_0 where u1_0.email=?
Hibernate: select u1_0.id,u1_0.email,u1_0.name,u1_0.password,u1_0.role from users u1_0 where u1_0.id=?
Hibernate: update users set email=?,name=?,password=?,role=? where id=?
Hibernate: select u1_0.id,u1_0.email,u1_0.name,u1_0.password,u1_0.role from users u1_0 where u1_0.email=?
Hibernate: select u1_0.id,u1_0.email,u1_0.name,u1_0.password,u1_0.role from users u1_0 where u1_0.id=?
Hibernate: update users set email=?,name=?,password=?,role=? where id=?
Hibernate: select u1_0.id,u1_0.email,u1_0.name,u1_0.password,u1_0.role from users u1_0 where u1_0.email=?
Hibernate: select u1_0.id,u1_0.email,u1_0.name,u1_0.password,u1_0.role from users u1_0 where u1_0.id=?
Hibernate: update users set email=?,name=?,password=?,role=? where id=?
Hibernate: select u1_0.id,u1_0.email,u1_0.name,u1_0.password,u1_0.role from users u1_0 where u1_0.email=?
Hibernate: select u1_0.id,u1_0.email,u1_0.name,u1_0.password,u1_0.role from users u1_0 where u1_0.id=?
Hibernate: update users set email=?,name=?,password=?,role=? where id=?
Hibernate: select u1_0.id,u1_0.email,u1_0.name,u1_0.password,u1_0.role from users u1_0 where u1_0.email=?
Hibernate: select u1_0.id,u1_0.email,u1_0.name,u1_0.password,u1_0.role from users u1_0 where u1_0.id=?
Hibernate: update users set email=?,name=?,password=?,role=? where id=?
? Seeded/Updated All Users (Managers, Customers, Drivers)
Hibernate: select v1_0.id,v1_0.battery_health,v1_0.battery_percent,v1_0.driver_contact,v1_0.driver_name,v1_0.driver_rating,v1_0.engine_health,v1_0.ev,v1_0.fuel_percent,v1_0.last_update,v1_0.latitude,v1_0.longitude,v1_0.model,v1_0.name,v1_0.next_maintenance_date,v1_0.number_plate,v1_0.odometer,v1_0.seats,v1_0.speed,v1_0.status,v1_0.tire_pressure,v1_0.tire_wear,v1_0.type from vehicles v1_0
Hibernate: select v1_0.id,v1_0.battery_health,v1_0.battery_percent,v1_0.driver_contact,v1_0.driver_name,v1_0.driver_rating,v1_0.engine_health,v1_0.ev,v1_0.fuel_percent,v1_0.last_update,v1_0.latitude,v1_0.longitude,v1_0.model,v1_0.name,v1_0.next_maintenance_date,v1_0.number_plate,v1_0.odometer,v1_0.seats,v1_0.speed,v1_0.status,v1_0.tire_pressure,v1_0.tire_wear,v1_0.type from vehicles v1_0 where v1_0.id=?
Hibernate: update vehicles set battery_health=?,battery_percent=?,driver_contact=?,driver_name=?,driver_rating=?,engine_health=?,ev=?,fuel_percent=?,last_update=?,latitude=?,longitude=?,model=?,name=?,next_maintenance_date=?,number_plate=?,odometer=?,seats=?,speed=?,status=?,tire_pressure=?,tire_wear=?,type=? where id=?
Hibernate: select v1_0.id,v1_0.battery_health,v1_0.battery_percent,v1_0.driver_contact,v1_0.driver_name,v1_0.driver_rating,v1_0.engine_health,v1_0.ev,v1_0.fuel_percent,v1_0.last_update,v1_0.latitude,v1_0.longitude,v1_0.model,v1_0.name,v1_0.next_maintenance_date,v1_0.number_plate,v1_0.odometer,v1_0.seats,v1_0.speed,v1_0.status,v1_0.tire_pressure,v1_0.tire_wear,v1_0.type from vehicles v1_0
Hibernate: select v1_0.id,v1_0.battery_health,v1_0.battery_percent,v1_0.driver_contact,v1_0.driver_name,v1_0.driver_rating,v1_0.engine_health,v1_0.ev,v1_0.fuel_percent,v1_0.last_update,v1_0.latitude,v1_0.longitude,v1_0.model,v1_0.name,v1_0.next_maintenance_date,v1_0.number_plate,v1_0.odometer,v1_0.seats,v1_0.speed,v1_0.status,v1_0.tire_pressure,v1_0.tire_wear,v1_0.type from vehicles v1_0 where v1_0.id=?
Hibernate: update vehicles set battery_health=?,battery_percent=?,driver_contact=?,driver_name=?,driver_rating=?,engine_health=?,ev=?,fuel_percent=?,last_update=?,latitude=?,longitude=?,model=?,name=?,next_maintenance_date=?,number_plate=?,odometer=?,seats=?,speed=?,status=?,tire_pressure=?,tire_wear=?,type=? where id=?
Hibernate: select v1_0.id,v1_0.battery_health,v1_0.battery_percent,v1_0.driver_contact,v1_0.driver_name,v1_0.driver_rating,v1_0.engine_health,v1_0.ev,v1_0.fuel_percent,v1_0.last_update,v1_0.latitude,v1_0.longitude,v1_0.model,v1_0.name,v1_0.next_maintenance_date,v1_0.number_plate,v1_0.odometer,v1_0.seats,v1_0.speed,v1_0.status,v1_0.tire_pressure,v1_0.tire_wear,v1_0.type from vehicles v1_0
Hibernate: select v1_0.id,v1_0.battery_health,v1_0.battery_percent,v1_0.driver_contact,v1_0.driver_name,v1_0.driver_rating,v1_0.engine_health,v1_0.ev,v1_0.fuel_percent,v1_0.last_update,v1_0.latitude,v1_0.longitude,v1_0.model,v1_0.name,v1_0.next_maintenance_date,v1_0.number_plate,v1_0.odometer,v1_0.seats,v1_0.speed,v1_0.status,v1_0.tire_pressure,v1_0.tire_wear,v1_0.type from vehicles v1_0 where v1_0.id=?
Hibernate: update vehicles set battery_health=?,battery_percent=?,driver_contact=?,driver_name=?,driver_rating=?,engine_health=?,ev=?,fuel_percent=?,last_update=?,latitude=?,longitude=?,model=?,name=?,next_maintenance_date=?,number_plate=?,odometer=?,seats=?,speed=?,status=?,tire_pressure=?,tire_wear=?,type=? where id=?
Hibernate: select v1_0.id,v1_0.battery_health,v1_0.battery_percent,v1_0.driver_contact,v1_0.driver_name,v1_0.driver_rating,v1_0.engine_health,v1_0.ev,v1_0.fuel_percent,v1_0.last_update,v1_0.latitude,v1_0.longitude,v1_0.model,v1_0.name,v1_0.next_maintenance_date,v1_0.number_plate,v1_0.odometer,v1_0.seats,v1_0.speed,v1_0.status,v1_0.tire_pressure,v1_0.tire_wear,v1_0.type from vehicles v1_0
Hibernate: select v1_0.id,v1_0.battery_health,v1_0.battery_percent,v1_0.driver_contact,v1_0.driver_name,v1_0.driver_rating,v1_0.engine_health,v1_0.ev,v1_0.fuel_percent,v1_0.last_update,v1_0.latitude,v1_0.longitude,v1_0.model,v1_0.name,v1_0.next_maintenance_date,v1_0.number_plate,v1_0.odometer,v1_0.seats,v1_0.speed,v1_0.status,v1_0.tire_pressure,v1_0.tire_wear,v1_0.type from vehicles v1_0 where v1_0.id=?
Hibernate: update vehicles set battery_health=?,battery_percent=?,driver_contact=?,driver_name=?,driver_rating=?,engine_health=?,ev=?,fuel_percent=?,last_update=?,latitude=?,longitude=?,model=?,name=?,next_maintenance_date=?,number_plate=?,odometer=?,seats=?,speed=?,status=?,tire_pressure=?,tire_wear=?,type=? where id=?
Hibernate: select v1_0.id,v1_0.battery_health,v1_0.battery_percent,v1_0.driver_contact,v1_0.driver_name,v1_0.driver_rating,v1_0.engine_health,v1_0.ev,v1_0.fuel_percent,v1_0.last_update,v1_0.latitude,v1_0.longitude,v1_0.model,v1_0.name,v1_0.next_maintenance_date,v1_0.number_plate,v1_0.odometer,v1_0.seats,v1_0.speed,v1_0.status,v1_0.tire_pressure,v1_0.tire_wear,v1_0.type from vehicles v1_0
Hibernate: select v1_0.id,v1_0.battery_health,v1_0.battery_percent,v1_0.driver_contact,v1_0.driver_name,v1_0.driver_rating,v1_0.engine_health,v1_0.ev,v1_0.fuel_percent,v1_0.last_update,v1_0.latitude,v1_0.longitude,v1_0.model,v1_0.name,v1_0.next_maintenance_date,v1_0.number_plate,v1_0.odometer,v1_0.seats,v1_0.speed,v1_0.status,v1_0.tire_pressure,v1_0.tire_wear,v1_0.type from vehicles v1_0 where v1_0.id=?
Hibernate: update vehicles set battery_health=?,battery_percent=?,driver_contact=?,driver_name=?,driver_rating=?,engine_health=?,ev=?,fuel_percent=?,last_update=?,latitude=?,longitude=?,model=?,name=?,next_maintenance_date=?,number_plate=?,odometer=?,seats=?,speed=?,status=?,tire_pressure=?,tire_wear=?,type=? where id=?
Hibernate: select v1_0.id,v1_0.battery_health,v1_0.battery_percent,v1_0.driver_contact,v1_0.driver_name,v1_0.driver_rating,v1_0.engine_health,v1_0.ev,v1_0.fuel_percent,v1_0.last_update,v1_0.latitude,v1_0.longitude,v1_0.model,v1_0.name,v1_0.next_maintenance_date,v1_0.number_plate,v1_0.odometer,v1_0.seats,v1_0.speed,v1_0.status,v1_0.tire_pressure,v1_0.tire_wear,v1_0.type from vehicles v1_0
Hibernate: select v1_0.id,v1_0.battery_health,v1_0.battery_percent,v1_0.driver_contact,v1_0.driver_name,v1_0.driver_rating,v1_0.engine_health,v1_0.ev,v1_0.fuel_percent,v1_0.last_update,v1_0.latitude,v1_0.longitude,v1_0.model,v1_0.name,v1_0.next_maintenance_date,v1_0.number_plate,v1_0.odometer,v1_0.seats,v1_0.speed,v1_0.status,v1_0.tire_pressure,v1_0.tire_wear,v1_0.type from vehicles v1_0 where v1_0.id=?
Hibernate: update vehicles set battery_health=?,battery_percent=?,driver_contact=?,driver_name=?,driver_rating=?,engine_health=?,ev=?,fuel_percent=?,last_update=?,latitude=?,longitude=?,model=?,name=?,next_maintenance_date=?,number_plate=?,odometer=?,seats=?,speed=?,status=?,tire_pressure=?,tire_wear=?,type=? where id=?
Hibernate: select v1_0.id,v1_0.battery_health,v1_0.battery_percent,v1_0.driver_contact,v1_0.driver_name,v1_0.driver_rating,v1_0.engine_health,v1_0.ev,v1_0.fuel_percent,v1_0.last_update,v1_0.latitude,v1_0.longitude,v1_0.model,v1_0.name,v1_0.next_maintenance_date,v1_0.number_plate,v1_0.odometer,v1_0.seats,v1_0.speed,v1_0.status,v1_0.tire_pressure,v1_0.tire_wear,v1_0.type from vehicles v1_0
Hibernate: select v1_0.id,v1_0.battery_health,v1_0.battery_percent,v1_0.driver_contact,v1_0.driver_name,v1_0.driver_rating,v1_0.engine_health,v1_0.ev,v1_0.fuel_percent,v1_0.last_update,v1_0.latitude,v1_0.longitude,v1_0.model,v1_0.name,v1_0.next_maintenance_date,v1_0.number_plate,v1_0.odometer,v1_0.seats,v1_0.speed,v1_0.status,v1_0.tire_pressure,v1_0.tire_wear,v1_0.type from vehicles v1_0 where v1_0.id=?
Hibernate: update vehicles set battery_health=?,battery_percent=?,driver_contact=?,driver_name=?,driver_rating=?,engine_health=?,ev=?,fuel_percent=?,last_update=?,latitude=?,longitude=?,model=?,name=?,next_maintenance_date=?,number_plate=?,odometer=?,seats=?,speed=?,status=?,tire_pressure=?,tire_wear=?,type=? where id=?
Hibernate: select v1_0.id,v1_0.battery_health,v1_0.battery_percent,v1_0.driver_contact,v1_0.driver_name,v1_0.driver_rating,v1_0.engine_health,v1_0.ev,v1_0.fuel_percent,v1_0.last_update,v1_0.latitude,v1_0.longitude,v1_0.model,v1_0.name,v1_0.next_maintenance_date,v1_0.number_plate,v1_0.odometer,v1_0.seats,v1_0.speed,v1_0.status,v1_0.tire_pressure,v1_0.tire_wear,v1_0.type from vehicles v1_0
Hibernate: select v1_0.id,v1_0.battery_health,v1_0.battery_percent,v1_0.driver_contact,v1_0.driver_name,v1_0.driver_rating,v1_0.engine_health,v1_0.ev,v1_0.fuel_percent,v1_0.last_update,v1_0.latitude,v1_0.longitude,v1_0.model,v1_0.name,v1_0.next_maintenance_date,v1_0.number_plate,v1_0.odometer,v1_0.seats,v1_0.speed,v1_0.status,v1_0.tire_pressure,v1_0.tire_wear,v1_0.type from vehicles v1_0 where v1_0.id=?
Hibernate: update vehicles set battery_health=?,battery_percent=?,driver_contact=?,driver_name=?,driver_rating=?,engine_health=?,ev=?,fuel_percent=?,last_update=?,latitude=?,longitude=?,model=?,name=?,next_maintenance_date=?,number_plate=?,odometer=?,seats=?,speed=?,status=?,tire_pressure=?,tire_wear=?,type=? where id=?
? Seeded 8 Realistic Vehicles
Hibernate: select count(*) from bookings b1_0
?? Bookings already seeded, skipping bulk insert.
2026-02-01T20:30:12.907+05:30  INFO 24912 --- [nio-8080-exec-1] o.a.c.c.C.[Tomcat].[localhost].[/]       : Initializing Spring DispatcherServlet 'dispatcherServlet'
2026-02-01T20:30:12.907+05:30  INFO 24912 --- [nio-8080-exec-1] o.s.web.servlet.DispatcherServlet        : Initializing Servlet 'dispatcherServlet'
2026-02-01T20:30:12.907+05:30  INFO 24912 --- [nio-8080-exec-1] o.s.web.servlet.DispatcherServlet        : Completed initialization in 0 ms
? [AuthService] Login Attempt for Email: [admin@gmail.com]
Hibernate: select u1_0.id,u1_0.email,u1_0.name,u1_0.password,u1_0.role from users u1_0 where u1_0.email=?
? [AuthService] User found. Stored Hash starts with: $2a$10$O5D
? [AuthService] Login SUCCESS for: [admin@gmail.com] Role: [ADMIN]
