
  .   ____          _            __ _ _
 /\\ / ___'_ __ _ _(_)_ __  __ _ \ \ \ \
( ( )\___ | '_ | '_| | '_ \/ _` | \ \ \ \
 \\/  ___)| |_)| | | | | || (_| |  ) ) ) )
  '  |____| .__|_| |_|_| |_\__, | / / / /
 =========|_|==============|___/=/_/_/_/

 :: Spring Boot ::               (v3.5.10)

2026-02-01T20:36:34.823+05:30  INFO 27356 --- [           main] com.neurofleetx.BackendApplication       : Starting BackendApplication v0.0.1-SNAPSHOT using Java 17.0.12 with PID 27356 (D:\Begin\backend\target\backend-0.0.1-SNAPSHOT.jar started by dell in D:\Begin\backend)
2026-02-01T20:36:34.823+05:30  INFO 27356 --- [           main] com.neurofleetx.BackendApplication       : No active profile set, falling back to 1 default profile: "default"
2026-02-01T20:36:35.531+05:30  INFO 27356 --- [           main] .s.d.r.c.RepositoryConfigurationDelegate : Bootstrapping Spring Data JPA repositories in DEFAULT mode.
2026-02-01T20:36:35.610+05:30  INFO 27356 --- [           main] .s.d.r.c.RepositoryConfigurationDelegate : Finished Spring Data repository scanning in 58 ms. Found 4 JPA repository interfaces.
2026-02-01T20:36:36.211+05:30  INFO 27356 --- [           main] o.s.b.w.embedded.tomcat.TomcatWebServer  : Tomcat initialized with port 8080 (http)
2026-02-01T20:36:36.223+05:30  INFO 27356 --- [           main] o.apache.catalina.core.StandardService   : Starting service [Tomcat]
2026-02-01T20:36:36.223+05:30  INFO 27356 --- [           main] o.apache.catalina.core.StandardEngine    : Starting Servlet engine: [Apache Tomcat/10.1.50]
2026-02-01T20:36:36.249+05:30  INFO 27356 --- [           main] o.a.c.c.C.[Tomcat].[localhost].[/]       : Initializing Spring embedded WebApplicationContext
2026-02-01T20:36:36.249+05:30  INFO 27356 --- [           main] w.s.c.ServletWebServerApplicationContext : Root WebApplicationContext: initialization completed in 1382 ms
2026-02-01T20:36:36.458+05:30  INFO 27356 --- [           main] o.hibernate.jpa.internal.util.LogHelper  : HHH000204: Processing PersistenceUnitInfo [name: default]
2026-02-01T20:36:36.493+05:30  INFO 27356 --- [           main] org.hibernate.Version                    : HHH000412: Hibernate ORM core version 6.6.41.Final
2026-02-01T20:36:36.514+05:30  INFO 27356 --- [           main] o.h.c.internal.RegionFactoryInitiator    : HHH000026: Second-level cache disabled
2026-02-01T20:36:36.753+05:30  INFO 27356 --- [           main] o.s.o.j.p.SpringPersistenceUnitInfo      : No LoadTimeWeaver setup: ignoring JPA class transformer
2026-02-01T20:36:36.781+05:30  INFO 27356 --- [           main] com.zaxxer.hikari.HikariDataSource       : HikariPool-1 - Starting...
2026-02-01T20:36:36.958+05:30  INFO 27356 --- [           main] com.zaxxer.hikari.pool.HikariPool        : HikariPool-1 - Added connection com.mysql.cj.jdbc.ConnectionImpl@2d9de284
2026-02-01T20:36:36.959+05:30  INFO 27356 --- [           main] com.zaxxer.hikari.HikariDataSource       : HikariPool-1 - Start completed.
2026-02-01T20:36:36.990+05:30  WARN 27356 --- [           main] org.hibernate.orm.deprecation            : HHH90000025: MySQL8Dialect does not need to be specified explicitly using 'hibernate.dialect' (remove the property setting and it will be selected by default)
2026-02-01T20:36:36.991+05:30  WARN 27356 --- [           main] org.hibernate.orm.deprecation            : HHH90000026: MySQL8Dialect has been deprecated; use org.hibernate.dialect.MySQLDialect instead
2026-02-01T20:36:37.003+05:30  INFO 27356 --- [           main] org.hibernate.orm.connections.pooling    : HHH10001005: Database info:
	Database JDBC URL [Connecting through datasource 'HikariDataSource (HikariPool-1)']
	Database driver: undefined/unknown
	Database version: 8.0
	Autocommit mode: undefined/unknown
	Isolation level: undefined/unknown
	Minimum pool size: undefined/unknown
	Maximum pool size: undefined/unknown
2026-02-01T20:36:37.597+05:30  INFO 27356 --- [           main] o.h.e.t.j.p.i.JtaPlatformInitiator       : HHH000489: No JTA platform available (set 'hibernate.transaction.jta.platform' to enable JTA platform integration)
2026-02-01T20:36:37.672+05:30  INFO 27356 --- [           main] j.LocalContainerEntityManagerFactoryBean : Initialized JPA EntityManagerFactory for persistence unit 'default'
2026-02-01T20:36:38.232+05:30  WARN 27356 --- [           main] JpaBaseConfiguration$JpaWebConfiguration : spring.jpa.open-in-view is enabled by default. Therefore, database queries may be performed during view rendering. Explicitly configure spring.jpa.open-in-view to disable this warning
2026-02-01T20:36:38.438+05:30  WARN 27356 --- [           main] .s.s.UserDetailsServiceAutoConfiguration : 

Using generated security password: 153176ee-9ce4-438b-8c51-5a8351787d6c

This generated password is for development use only. Your security configuration must be updated before running your application in production.

2026-02-01T20:36:38.450+05:30  INFO 27356 --- [           main] r$InitializeUserDetailsManagerConfigurer : Global AuthenticationManager configured with UserDetailsService bean with name inMemoryUserDetailsManager
2026-02-01T20:36:38.759+05:30  INFO 27356 --- [           main] o.s.b.w.embedded.tomcat.TomcatWebServer  : Tomcat started on port 8080 (http) with context path '/'
2026-02-01T20:36:38.774+05:30  INFO 27356 --- [           main] com.neurofleetx.BackendApplication       : Started BackendApplication in 4.398 seconds (process running for 4.759)
Hibernate: select u1_0.id,u1_0.email,u1_0.name,u1_0.password,u1_0.role from users u1_0 where u1_0.email=?
Hibernate: select u1_0.id,u1_0.email,u1_0.name,u1_0.password,u1_0.role from users u1_0 where u1_0.id=?
Hibernate: update users set email=?,name=?,password=?,role=? where id=?
? Seeded/Updated Admin User (admin@gmail.com)
Hibernate: select u1_0.id,u1_0.email,u1_0.name,u1_0.password,u1_0.role from users u1_0 where u1_0.email=?
Hibernate: select u1_0.id,u1_0.email,u1_0.name,u1_0.password,u1_0.role from users u1_0 where u1_0.id=?
Hibernate: update users set email=?,name=?,password=?,role=? where id=?
Hibernate: select u1_0.id,u1_0.email,u1_0.name,u1_0.password,u1_0.role from users u1_0 where u1_0.email=?
Hibernate: select u1_0.id,u1_0.email,u1_0.name,u1_0.password,u1_0.role from users u1_0 where u1_0.id=?
Hibernate: update users set email=?,name=?,password=?,role=? where id=?
Hibernate: select u1_0.id,u1_0.email,u1_0.name,u1_0.password,u1_0.role from users u1_0 where u1_0.email=?
Hibernate: select u1_0.id,u1_0.email,u1_0.name,u1_0.password,u1_0.role from users u1_0 where u1_0.id=?
Hibernate: update users set email=?,name=?,password=?,role=? where id=?
Hibernate: select u1_0.id,u1_0.email,u1_0.name,u1_0.password,u1_0.role from users u1_0 where u1_0.email=?
Hibernate: select u1_0.id,u1_0.email,u1_0.name,u1_0.password,u1_0.role from users u1_0 where u1_0.id=?
Hibernate: update users set email=?,name=?,password=?,role=? where id=?
Hibernate: select u1_0.id,u1_0.email,u1_0.name,u1_0.password,u1_0.role from users u1_0 where u1_0.email=?
Hibernate: select u1_0.id,u1_0.email,u1_0.name,u1_0.password,u1_0.role from users u1_0 where u1_0.id=?
Hibernate: update users set email=?,name=?,password=?,role=? where id=?
Hibernate: select u1_0.id,u1_0.email,u1_0.name,u1_0.password,u1_0.role from users u1_0 where u1_0.email=?
Hibernate: select u1_0.id,u1_0.email,u1_0.name,u1_0.password,u1_0.role from users u1_0 where u1_0.id=?
Hibernate: update users set email=?,name=?,password=?,role=? where id=?
Hibernate: select u1_0.id,u1_0.email,u1_0.name,u1_0.password,u1_0.role from users u1_0 where u1_0.email=?
Hibernate: select u1_0.id,u1_0.email,u1_0.name,u1_0.password,u1_0.role from users u1_0 where u1_0.id=?
Hibernate: update users set email=?,name=?,password=?,role=? where id=?
Hibernate: select u1_0.id,u1_0.email,u1_0.name,u1_0.password,u1_0.role from users u1_0 where u1_0.email=?
Hibernate: select u1_0.id,u1_0.email,u1_0.name,u1_0.password,u1_0.role from users u1_0 where u1_0.id=?
Hibernate: update users set email=?,name=?,password=?,role=? where id=?
Hibernate: select u1_0.id,u1_0.email,u1_0.name,u1_0.password,u1_0.role from users u1_0 where u1_0.email=?
Hibernate: select u1_0.id,u1_0.email,u1_0.name,u1_0.password,u1_0.role from users u1_0 where u1_0.id=?
Hibernate: update users set email=?,name=?,password=?,role=? where id=?
Hibernate: select u1_0.id,u1_0.email,u1_0.name,u1_0.password,u1_0.role from users u1_0 where u1_0.email=?
Hibernate: select u1_0.id,u1_0.email,u1_0.name,u1_0.password,u1_0.role from users u1_0 where u1_0.id=?
Hibernate: update users set email=?,name=?,password=?,role=? where id=?
Hibernate: select u1_0.id,u1_0.email,u1_0.name,u1_0.password,u1_0.role from users u1_0 where u1_0.email=?
Hibernate: select u1_0.id,u1_0.email,u1_0.name,u1_0.password,u1_0.role from users u1_0 where u1_0.id=?
Hibernate: update users set email=?,name=?,password=?,role=? where id=?
? Seeded/Updated All Users (Managers, Customers, Drivers)
Hibernate: select v1_0.id,v1_0.battery_health,v1_0.battery_percent,v1_0.driver_contact,v1_0.driver_name,v1_0.driver_rating,v1_0.engine_health,v1_0.ev,v1_0.fuel_percent,v1_0.last_update,v1_0.latitude,v1_0.longitude,v1_0.model,v1_0.name,v1_0.next_maintenance_date,v1_0.number_plate,v1_0.odometer,v1_0.seats,v1_0.speed,v1_0.status,v1_0.tire_pressure,v1_0.tire_wear,v1_0.type from vehicles v1_0
Hibernate: select v1_0.id,v1_0.battery_health,v1_0.battery_percent,v1_0.driver_contact,v1_0.driver_name,v1_0.driver_rating,v1_0.engine_health,v1_0.ev,v1_0.fuel_percent,v1_0.last_update,v1_0.latitude,v1_0.longitude,v1_0.model,v1_0.name,v1_0.next_maintenance_date,v1_0.number_plate,v1_0.odometer,v1_0.seats,v1_0.speed,v1_0.status,v1_0.tire_pressure,v1_0.tire_wear,v1_0.type from vehicles v1_0 where v1_0.id=?
Hibernate: update vehicles set battery_health=?,battery_percent=?,driver_contact=?,driver_name=?,driver_rating=?,engine_health=?,ev=?,fuel_percent=?,last_update=?,latitude=?,longitude=?,model=?,name=?,next_maintenance_date=?,number_plate=?,odometer=?,seats=?,speed=?,status=?,tire_pressure=?,tire_wear=?,type=? where id=?
Hibernate: select v1_0.id,v1_0.battery_health,v1_0.battery_percent,v1_0.driver_contact,v1_0.driver_name,v1_0.driver_rating,v1_0.engine_health,v1_0.ev,v1_0.fuel_percent,v1_0.last_update,v1_0.latitude,v1_0.longitude,v1_0.model,v1_0.name,v1_0.next_maintenance_date,v1_0.number_plate,v1_0.odometer,v1_0.seats,v1_0.speed,v1_0.status,v1_0.tire_pressure,v1_0.tire_wear,v1_0.type from vehicles v1_0
Hibernate: select v1_0.id,v1_0.battery_health,v1_0.battery_percent,v1_0.driver_contact,v1_0.driver_name,v1_0.driver_rating,v1_0.engine_health,v1_0.ev,v1_0.fuel_percent,v1_0.last_update,v1_0.latitude,v1_0.longitude,v1_0.model,v1_0.name,v1_0.next_maintenance_date,v1_0.number_plate,v1_0.odometer,v1_0.seats,v1_0.speed,v1_0.status,v1_0.tire_pressure,v1_0.tire_wear,v1_0.type from vehicles v1_0 where v1_0.id=?
Hibernate: update vehicles set battery_health=?,battery_percent=?,driver_contact=?,driver_name=?,driver_rating=?,engine_health=?,ev=?,fuel_percent=?,last_update=?,latitude=?,longitude=?,model=?,name=?,next_maintenance_date=?,number_plate=?,odometer=?,seats=?,speed=?,status=?,tire_pressure=?,tire_wear=?,type=? where id=?
Hibernate: select v1_0.id,v1_0.battery_health,v1_0.battery_percent,v1_0.driver_contact,v1_0.driver_name,v1_0.driver_rating,v1_0.engine_health,v1_0.ev,v1_0.fuel_percent,v1_0.last_update,v1_0.latitude,v1_0.longitude,v1_0.model,v1_0.name,v1_0.next_maintenance_date,v1_0.number_plate,v1_0.odometer,v1_0.seats,v1_0.speed,v1_0.status,v1_0.tire_pressure,v1_0.tire_wear,v1_0.type from vehicles v1_0
Hibernate: select v1_0.id,v1_0.battery_health,v1_0.battery_percent,v1_0.driver_contact,v1_0.driver_name,v1_0.driver_rating,v1_0.engine_health,v1_0.ev,v1_0.fuel_percent,v1_0.last_update,v1_0.latitude,v1_0.longitude,v1_0.model,v1_0.name,v1_0.next_maintenance_date,v1_0.number_plate,v1_0.odometer,v1_0.seats,v1_0.speed,v1_0.status,v1_0.tire_pressure,v1_0.tire_wear,v1_0.type from vehicles v1_0 where v1_0.id=?
Hibernate: update vehicles set battery_health=?,battery_percent=?,driver_contact=?,driver_name=?,driver_rating=?,engine_health=?,ev=?,fuel_percent=?,last_update=?,latitude=?,longitude=?,model=?,name=?,next_maintenance_date=?,number_plate=?,odometer=?,seats=?,speed=?,status=?,tire_pressure=?,tire_wear=?,type=? where id=?
Hibernate: select v1_0.id,v1_0.battery_health,v1_0.battery_percent,v1_0.driver_contact,v1_0.driver_name,v1_0.driver_rating,v1_0.engine_health,v1_0.ev,v1_0.fuel_percent,v1_0.last_update,v1_0.latitude,v1_0.longitude,v1_0.model,v1_0.name,v1_0.next_maintenance_date,v1_0.number_plate,v1_0.odometer,v1_0.seats,v1_0.speed,v1_0.status,v1_0.tire_pressure,v1_0.tire_wear,v1_0.type from vehicles v1_0
Hibernate: select v1_0.id,v1_0.battery_health,v1_0.battery_percent,v1_0.driver_contact,v1_0.driver_name,v1_0.driver_rating,v1_0.engine_health,v1_0.ev,v1_0.fuel_percent,v1_0.last_update,v1_0.latitude,v1_0.longitude,v1_0.model,v1_0.name,v1_0.next_maintenance_date,v1_0.number_plate,v1_0.odometer,v1_0.seats,v1_0.speed,v1_0.status,v1_0.tire_pressure,v1_0.tire_wear,v1_0.type from vehicles v1_0 where v1_0.id=?
Hibernate: update vehicles set battery_health=?,battery_percent=?,driver_contact=?,driver_name=?,driver_rating=?,engine_health=?,ev=?,fuel_percent=?,last_update=?,latitude=?,longitude=?,model=?,name=?,next_maintenance_date=?,number_plate=?,odometer=?,seats=?,speed=?,status=?,tire_pressure=?,tire_wear=?,type=? where id=?
Hibernate: select v1_0.id,v1_0.battery_health,v1_0.battery_percent,v1_0.driver_contact,v1_0.driver_name,v1_0.driver_rating,v1_0.engine_health,v1_0.ev,v1_0.fuel_percent,v1_0.last_update,v1_0.latitude,v1_0.longitude,v1_0.model,v1_0.name,v1_0.next_maintenance_date,v1_0.number_plate,v1_0.odometer,v1_0.seats,v1_0.speed,v1_0.status,v1_0.tire_pressure,v1_0.tire_wear,v1_0.type from vehicles v1_0
Hibernate: select v1_0.id,v1_0.battery_health,v1_0.battery_percent,v1_0.driver_contact,v1_0.driver_name,v1_0.driver_rating,v1_0.engine_health,v1_0.ev,v1_0.fuel_percent,v1_0.last_update,v1_0.latitude,v1_0.longitude,v1_0.model,v1_0.name,v1_0.next_maintenance_date,v1_0.number_plate,v1_0.odometer,v1_0.seats,v1_0.speed,v1_0.status,v1_0.tire_pressure,v1_0.tire_wear,v1_0.type from vehicles v1_0 where v1_0.id=?
Hibernate: update vehicles set battery_health=?,battery_percent=?,driver_contact=?,driver_name=?,driver_rating=?,engine_health=?,ev=?,fuel_percent=?,last_update=?,latitude=?,longitude=?,model=?,name=?,next_maintenance_date=?,number_plate=?,odometer=?,seats=?,speed=?,status=?,tire_pressure=?,tire_wear=?,type=? where id=?
Hibernate: select v1_0.id,v1_0.battery_health,v1_0.battery_percent,v1_0.driver_contact,v1_0.driver_name,v1_0.driver_rating,v1_0.engine_health,v1_0.ev,v1_0.fuel_percent,v1_0.last_update,v1_0.latitude,v1_0.longitude,v1_0.model,v1_0.name,v1_0.next_maintenance_date,v1_0.number_plate,v1_0.odometer,v1_0.seats,v1_0.speed,v1_0.status,v1_0.tire_pressure,v1_0.tire_wear,v1_0.type from vehicles v1_0
Hibernate: select v1_0.id,v1_0.battery_health,v1_0.battery_percent,v1_0.driver_contact,v1_0.driver_name,v1_0.driver_rating,v1_0.engine_health,v1_0.ev,v1_0.fuel_percent,v1_0.last_update,v1_0.latitude,v1_0.longitude,v1_0.model,v1_0.name,v1_0.next_maintenance_date,v1_0.number_plate,v1_0.odometer,v1_0.seats,v1_0.speed,v1_0.status,v1_0.tire_pressure,v1_0.tire_wear,v1_0.type from vehicles v1_0 where v1_0.id=?
Hibernate: update vehicles set battery_health=?,battery_percent=?,driver_contact=?,driver_name=?,driver_rating=?,engine_health=?,ev=?,fuel_percent=?,last_update=?,latitude=?,longitude=?,model=?,name=?,next_maintenance_date=?,number_plate=?,odometer=?,seats=?,speed=?,status=?,tire_pressure=?,tire_wear=?,type=? where id=?
Hibernate: select v1_0.id,v1_0.battery_health,v1_0.battery_percent,v1_0.driver_contact,v1_0.driver_name,v1_0.driver_rating,v1_0.engine_health,v1_0.ev,v1_0.fuel_percent,v1_0.last_update,v1_0.latitude,v1_0.longitude,v1_0.model,v1_0.name,v1_0.next_maintenance_date,v1_0.number_plate,v1_0.odometer,v1_0.seats,v1_0.speed,v1_0.status,v1_0.tire_pressure,v1_0.tire_wear,v1_0.type from vehicles v1_0
Hibernate: select v1_0.id,v1_0.battery_health,v1_0.battery_percent,v1_0.driver_contact,v1_0.driver_name,v1_0.driver_rating,v1_0.engine_health,v1_0.ev,v1_0.fuel_percent,v1_0.last_update,v1_0.latitude,v1_0.longitude,v1_0.model,v1_0.name,v1_0.next_maintenance_date,v1_0.number_plate,v1_0.odometer,v1_0.seats,v1_0.speed,v1_0.status,v1_0.tire_pressure,v1_0.tire_wear,v1_0.type from vehicles v1_0 where v1_0.id=?
Hibernate: update vehicles set battery_health=?,battery_percent=?,driver_contact=?,driver_name=?,driver_rating=?,engine_health=?,ev=?,fuel_percent=?,last_update=?,latitude=?,longitude=?,model=?,name=?,next_maintenance_date=?,number_plate=?,odometer=?,seats=?,speed=?,status=?,tire_pressure=?,tire_wear=?,type=? where id=?
Hibernate: select v1_0.id,v1_0.battery_health,v1_0.battery_percent,v1_0.driver_contact,v1_0.driver_name,v1_0.driver_rating,v1_0.engine_health,v1_0.ev,v1_0.fuel_percent,v1_0.last_update,v1_0.latitude,v1_0.longitude,v1_0.model,v1_0.name,v1_0.next_maintenance_date,v1_0.number_plate,v1_0.odometer,v1_0.seats,v1_0.speed,v1_0.status,v1_0.tire_pressure,v1_0.tire_wear,v1_0.type from vehicles v1_0
Hibernate: select v1_0.id,v1_0.battery_health,v1_0.battery_percent,v1_0.driver_contact,v1_0.driver_name,v1_0.driver_rating,v1_0.engine_health,v1_0.ev,v1_0.fuel_percent,v1_0.last_update,v1_0.latitude,v1_0.longitude,v1_0.model,v1_0.name,v1_0.next_maintenance_date,v1_0.number_plate,v1_0.odometer,v1_0.seats,v1_0.speed,v1_0.status,v1_0.tire_pressure,v1_0.tire_wear,v1_0.type from vehicles v1_0 where v1_0.id=?
Hibernate: update vehicles set battery_health=?,battery_percent=?,driver_contact=?,driver_name=?,driver_rating=?,engine_health=?,ev=?,fuel_percent=?,last_update=?,latitude=?,longitude=?,model=?,name=?,next_maintenance_date=?,number_plate=?,odometer=?,seats=?,speed=?,status=?,tire_pressure=?,tire_wear=?,type=? where id=?
? Seeded 8 Realistic Vehicles
Hibernate: select count(*) from bookings b1_0
?? Bookings already seeded, skipping bulk insert.
2026-02-01T20:37:37.582+05:30  INFO 27356 --- [nio-8080-exec-1] o.a.c.c.C.[Tomcat].[localhost].[/]       : Initializing Spring DispatcherServlet 'dispatcherServlet'
2026-02-01T20:37:37.582+05:30  INFO 27356 --- [nio-8080-exec-1] o.s.web.servlet.DispatcherServlet        : Initializing Servlet 'dispatcherServlet'
2026-02-01T20:37:37.582+05:30  INFO 27356 --- [nio-8080-exec-1] o.s.web.servlet.DispatcherServlet        : Completed initialization in 0 ms
Hibernate: select count(*) from vehicles v1_0
Hibernate: select count(*) from users u1_0
Hibernate: select b1_0.id,b1_0.amount,b1_0.end_location,b1_0.end_time,b1_0.estimated_duration,b1_0.rating,b1_0.review,b1_0.scheduled_start_time,b1_0.start_location,b1_0.start_time,b1_0.status,b1_0.user_id,b1_0.vehicle_id from bookings b1_0
Hibernate: select u1_0.id,u1_0.email,u1_0.name,u1_0.password,u1_0.role from users u1_0 where u1_0.id=?
Hibernate: select v1_0.id,v1_0.battery_health,v1_0.battery_percent,v1_0.driver_contact,v1_0.driver_name,v1_0.driver_rating,v1_0.engine_health,v1_0.ev,v1_0.fuel_percent,v1_0.last_update,v1_0.latitude,v1_0.longitude,v1_0.model,v1_0.name,v1_0.next_maintenance_date,v1_0.number_plate,v1_0.odometer,v1_0.seats,v1_0.speed,v1_0.status,v1_0.tire_pressure,v1_0.tire_wear,v1_0.type from vehicles v1_0 where v1_0.id=?
Hibernate: select u1_0.id,u1_0.email,u1_0.name,u1_0.password,u1_0.role from users u1_0 where u1_0.id=?
Hibernate: select v1_0.id,v1_0.battery_health,v1_0.battery_percent,v1_0.driver_contact,v1_0.driver_name,v1_0.driver_rating,v1_0.engine_health,v1_0.ev,v1_0.fuel_percent,v1_0.last_update,v1_0.latitude,v1_0.longitude,v1_0.model,v1_0.name,v1_0.next_maintenance_date,v1_0.number_plate,v1_0.odometer,v1_0.seats,v1_0.speed,v1_0.status,v1_0.tire_pressure,v1_0.tire_wear,v1_0.type from vehicles v1_0 where v1_0.id=?
Hibernate: select v1_0.id,v1_0.battery_health,v1_0.battery_percent,v1_0.driver_contact,v1_0.driver_name,v1_0.driver_rating,v1_0.engine_health,v1_0.ev,v1_0.fuel_percent,v1_0.last_update,v1_0.latitude,v1_0.longitude,v1_0.model,v1_0.name,v1_0.next_maintenance_date,v1_0.number_plate,v1_0.odometer,v1_0.seats,v1_0.speed,v1_0.status,v1_0.tire_pressure,v1_0.tire_wear,v1_0.type from vehicles v1_0 where v1_0.id=?
Hibernate: select v1_0.id,v1_0.battery_health,v1_0.battery_percent,v1_0.driver_contact,v1_0.driver_name,v1_0.driver_rating,v1_0.engine_health,v1_0.ev,v1_0.fuel_percent,v1_0.last_update,v1_0.latitude,v1_0.longitude,v1_0.model,v1_0.name,v1_0.next_maintenance_date,v1_0.number_plate,v1_0.odometer,v1_0.seats,v1_0.speed,v1_0.status,v1_0.tire_pressure,v1_0.tire_wear,v1_0.type from vehicles v1_0
Hibernate: select u1_0.id,u1_0.email,u1_0.name,u1_0.password,u1_0.role from users u1_0
? [AuthService] Login Attempt for Email: [admin@gmail.com]
Hibernate: select u1_0.id,u1_0.email,u1_0.name,u1_0.password,u1_0.role from users u1_0 where u1_0.email=?
? [AuthService] User found. Stored Hash starts with: $2a$10$i7A
? [AuthService] Login SUCCESS for: [admin@gmail.com] Role: [ADMIN]
Hibernate: select count(*) from vehicles v1_0
Hibernate: select count(*) from users u1_0
Hibernate: select b1_0.id,b1_0.amount,b1_0.end_location,b1_0.end_time,b1_0.estimated_duration,b1_0.rating,b1_0.review,b1_0.scheduled_start_time,b1_0.start_location,b1_0.start_time,b1_0.status,b1_0.user_id,b1_0.vehicle_id from bookings b1_0
Hibernate: select u1_0.id,u1_0.email,u1_0.name,u1_0.password,u1_0.role from users u1_0 where u1_0.id=?
Hibernate: select v1_0.id,v1_0.battery_health,v1_0.battery_percent,v1_0.driver_contact,v1_0.driver_name,v1_0.driver_rating,v1_0.engine_health,v1_0.ev,v1_0.fuel_percent,v1_0.last_update,v1_0.latitude,v1_0.longitude,v1_0.model,v1_0.name,v1_0.next_maintenance_date,v1_0.number_plate,v1_0.odometer,v1_0.seats,v1_0.speed,v1_0.status,v1_0.tire_pressure,v1_0.tire_wear,v1_0.type from vehicles v1_0 where v1_0.id=?
Hibernate: select u1_0.id,u1_0.email,u1_0.name,u1_0.password,u1_0.role from users u1_0 where u1_0.id=?
Hibernate: select v1_0.id,v1_0.battery_health,v1_0.battery_percent,v1_0.driver_contact,v1_0.driver_name,v1_0.driver_rating,v1_0.engine_health,v1_0.ev,v1_0.fuel_percent,v1_0.last_update,v1_0.latitude,v1_0.longitude,v1_0.model,v1_0.name,v1_0.next_maintenance_date,v1_0.number_plate,v1_0.odometer,v1_0.seats,v1_0.speed,v1_0.status,v1_0.tire_pressure,v1_0.tire_wear,v1_0.type from vehicles v1_0 where v1_0.id=?
Hibernate: select v1_0.id,v1_0.battery_health,v1_0.battery_percent,v1_0.driver_contact,v1_0.driver_name,v1_0.driver_rating,v1_0.engine_health,v1_0.ev,v1_0.fuel_percent,v1_0.last_update,v1_0.latitude,v1_0.longitude,v1_0.model,v1_0.name,v1_0.next_maintenance_date,v1_0.number_plate,v1_0.odometer,v1_0.seats,v1_0.speed,v1_0.status,v1_0.tire_pressure,v1_0.tire_wear,v1_0.type from vehicles v1_0 where v1_0.id=?
Hibernate: select v1_0.id,v1_0.battery_health,v1_0.battery_percent,v1_0.driver_contact,v1_0.driver_name,v1_0.driver_rating,v1_0.engine_health,v1_0.ev,v1_0.fuel_percent,v1_0.last_update,v1_0.latitude,v1_0.longitude,v1_0.model,v1_0.name,v1_0.next_maintenance_date,v1_0.number_plate,v1_0.odometer,v1_0.seats,v1_0.speed,v1_0.status,v1_0.tire_pressure,v1_0.tire_wear,v1_0.type from vehicles v1_0
Hibernate: select u1_0.id,u1_0.email,u1_0.name,u1_0.password,u1_0.role from users u1_0
Hibernate: select count(*) from vehicles v1_0
Hibernate: select count(*) from users u1_0
Hibernate: select v1_0.id,v1_0.battery_health,v1_0.battery_percent,v1_0.driver_contact,v1_0.driver_name,v1_0.driver_rating,v1_0.engine_health,v1_0.ev,v1_0.fuel_percent,v1_0.last_update,v1_0.latitude,v1_0.longitude,v1_0.model,v1_0.name,v1_0.next_maintenance_date,v1_0.number_plate,v1_0.odometer,v1_0.seats,v1_0.speed,v1_0.status,v1_0.tire_pressure,v1_0.tire_wear,v1_0.type from vehicles v1_0
Hibernate: select b1_0.id,b1_0.amount,b1_0.end_location,b1_0.end_time,b1_0.estimated_duration,b1_0.rating,b1_0.review,b1_0.scheduled_start_time,b1_0.start_location,b1_0.start_time,b1_0.status,b1_0.user_id,b1_0.vehicle_id from bookings b1_0
Hibernate: select u1_0.id,u1_0.email,u1_0.name,u1_0.password,u1_0.role from users u1_0 where u1_0.id=?
Hibernate: select v1_0.id,v1_0.battery_health,v1_0.battery_percent,v1_0.driver_contact,v1_0.driver_name,v1_0.driver_rating,v1_0.engine_health,v1_0.ev,v1_0.fuel_percent,v1_0.last_update,v1_0.latitude,v1_0.longitude,v1_0.model,v1_0.name,v1_0.next_maintenance_date,v1_0.number_plate,v1_0.odometer,v1_0.seats,v1_0.speed,v1_0.status,v1_0.tire_pressure,v1_0.tire_wear,v1_0.type from vehicles v1_0 where v1_0.id=?
Hibernate: select u1_0.id,u1_0.email,u1_0.name,u1_0.password,u1_0.role from users u1_0 where u1_0.id=?
Hibernate: select v1_0.id,v1_0.battery_health,v1_0.battery_percent,v1_0.driver_contact,v1_0.driver_name,v1_0.driver_rating,v1_0.engine_health,v1_0.ev,v1_0.fuel_percent,v1_0.last_update,v1_0.latitude,v1_0.longitude,v1_0.model,v1_0.name,v1_0.next_maintenance_date,v1_0.number_plate,v1_0.odometer,v1_0.seats,v1_0.speed,v1_0.status,v1_0.tire_pressure,v1_0.tire_wear,v1_0.type from vehicles v1_0 where v1_0.id=?
Hibernate: select v1_0.id,v1_0.battery_health,v1_0.battery_percent,v1_0.driver_contact,v1_0.driver_name,v1_0.driver_rating,v1_0.engine_health,v1_0.ev,v1_0.fuel_percent,v1_0.last_update,v1_0.latitude,v1_0.longitude,v1_0.model,v1_0.name,v1_0.next_maintenance_date,v1_0.number_plate,v1_0.odometer,v1_0.seats,v1_0.speed,v1_0.status,v1_0.tire_pressure,v1_0.tire_wear,v1_0.type from vehicles v1_0 where v1_0.id=?
Hibernate: select v1_0.id,v1_0.battery_health,v1_0.battery_percent,v1_0.driver_contact,v1_0.driver_name,v1_0.driver_rating,v1_0.engine_health,v1_0.ev,v1_0.fuel_percent,v1_0.last_update,v1_0.latitude,v1_0.longitude,v1_0.model,v1_0.name,v1_0.next_maintenance_date,v1_0.number_plate,v1_0.odometer,v1_0.seats,v1_0.speed,v1_0.status,v1_0.tire_pressure,v1_0.tire_wear,v1_0.type from vehicles v1_0
Hibernate: select u1_0.id,u1_0.email,u1_0.name,u1_0.password,u1_0.role from users u1_0
Hibernate: select u1_0.id,u1_0.email,u1_0.name,u1_0.password,u1_0.role from users u1_0
Hibernate: select v1_0.id,v1_0.battery_health,v1_0.battery_percent,v1_0.driver_contact,v1_0.driver_name,v1_0.driver_rating,v1_0.engine_health,v1_0.ev,v1_0.fuel_percent,v1_0.last_update,v1_0.latitude,v1_0.longitude,v1_0.model,v1_0.name,v1_0.next_maintenance_date,v1_0.number_plate,v1_0.odometer,v1_0.seats,v1_0.speed,v1_0.status,v1_0.tire_pressure,v1_0.tire_wear,v1_0.type from vehicles v1_0
Hibernate: select b1_0.id,b1_0.amount,b1_0.end_location,b1_0.end_time,b1_0.estimated_duration,b1_0.rating,b1_0.review,b1_0.scheduled_start_time,b1_0.start_location,b1_0.start_time,b1_0.status,b1_0.user_id,b1_0.vehicle_id from bookings b1_0
Hibernate: select u1_0.id,u1_0.email,u1_0.name,u1_0.password,u1_0.role from users u1_0 where u1_0.id=?
Hibernate: select v1_0.id,v1_0.battery_health,v1_0.battery_percent,v1_0.driver_contact,v1_0.driver_name,v1_0.driver_rating,v1_0.engine_health,v1_0.ev,v1_0.fuel_percent,v1_0.last_update,v1_0.latitude,v1_0.longitude,v1_0.model,v1_0.name,v1_0.next_maintenance_date,v1_0.number_plate,v1_0.odometer,v1_0.seats,v1_0.speed,v1_0.status,v1_0.tire_pressure,v1_0.tire_wear,v1_0.type from vehicles v1_0 where v1_0.id=?
Hibernate: select u1_0.id,u1_0.email,u1_0.name,u1_0.password,u1_0.role from users u1_0 where u1_0.id=?
Hibernate: select v1_0.id,v1_0.battery_health,v1_0.battery_percent,v1_0.driver_contact,v1_0.driver_name,v1_0.driver_rating,v1_0.engine_health,v1_0.ev,v1_0.fuel_percent,v1_0.last_update,v1_0.latitude,v1_0.longitude,v1_0.model,v1_0.name,v1_0.next_maintenance_date,v1_0.number_plate,v1_0.odometer,v1_0.seats,v1_0.speed,v1_0.status,v1_0.tire_pressure,v1_0.tire_wear,v1_0.type from vehicles v1_0 where v1_0.id=?
Hibernate: select v1_0.id,v1_0.battery_health,v1_0.battery_percent,v1_0.driver_contact,v1_0.driver_name,v1_0.driver_rating,v1_0.engine_health,v1_0.ev,v1_0.fuel_percent,v1_0.last_update,v1_0.latitude,v1_0.longitude,v1_0.model,v1_0.name,v1_0.next_maintenance_date,v1_0.number_plate,v1_0.odometer,v1_0.seats,v1_0.speed,v1_0.status,v1_0.tire_pressure,v1_0.tire_wear,v1_0.type from vehicles v1_0 where v1_0.id=?
Hibernate: select u1_0.id,u1_0.email,u1_0.name,u1_0.password,u1_0.role from users u1_0
Hibernate: select b1_0.id,b1_0.amount,b1_0.end_location,b1_0.end_time,b1_0.estimated_duration,b1_0.rating,b1_0.review,b1_0.scheduled_start_time,b1_0.start_location,b1_0.start_time,b1_0.status,b1_0.user_id,b1_0.vehicle_id from bookings b1_0
Hibernate: select u1_0.id,u1_0.email,u1_0.name,u1_0.password,u1_0.role from users u1_0 where u1_0.id=?
Hibernate: select v1_0.id,v1_0.battery_health,v1_0.battery_percent,v1_0.driver_contact,v1_0.driver_name,v1_0.driver_rating,v1_0.engine_health,v1_0.ev,v1_0.fuel_percent,v1_0.last_update,v1_0.latitude,v1_0.longitude,v1_0.model,v1_0.name,v1_0.next_maintenance_date,v1_0.number_plate,v1_0.odometer,v1_0.seats,v1_0.speed,v1_0.status,v1_0.tire_pressure,v1_0.tire_wear,v1_0.type from vehicles v1_0 where v1_0.id=?
Hibernate: select u1_0.id,u1_0.email,u1_0.name,u1_0.password,u1_0.role from users u1_0 where u1_0.id=?
Hibernate: select v1_0.id,v1_0.battery_health,v1_0.battery_percent,v1_0.driver_contact,v1_0.driver_name,v1_0.driver_rating,v1_0.engine_health,v1_0.ev,v1_0.fuel_percent,v1_0.last_update,v1_0.latitude,v1_0.longitude,v1_0.model,v1_0.name,v1_0.next_maintenance_date,v1_0.number_plate,v1_0.odometer,v1_0.seats,v1_0.speed,v1_0.status,v1_0.tire_pressure,v1_0.tire_wear,v1_0.type from vehicles v1_0 where v1_0.id=?
Hibernate: select v1_0.id,v1_0.battery_health,v1_0.battery_percent,v1_0.driver_contact,v1_0.driver_name,v1_0.driver_rating,v1_0.engine_health,v1_0.ev,v1_0.fuel_percent,v1_0.last_update,v1_0.latitude,v1_0.longitude,v1_0.model,v1_0.name,v1_0.next_maintenance_date,v1_0.number_plate,v1_0.odometer,v1_0.seats,v1_0.speed,v1_0.status,v1_0.tire_pressure,v1_0.tire_wear,v1_0.type from vehicles v1_0 where v1_0.id=?
? [AuthService] Login Attempt for Email: [manager@gmail.com]
Hibernate: select u1_0.id,u1_0.email,u1_0.name,u1_0.password,u1_0.role from users u1_0 where u1_0.email=?
? [AuthService] User found. Stored Hash starts with: $2a$10$DKP
? [AuthService] Login SUCCESS for: [manager@gmail.com] Role: [MANAGER]
Hibernate: select v1_0.id,v1_0.battery_health,v1_0.battery_percent,v1_0.driver_contact,v1_0.driver_name,v1_0.driver_rating,v1_0.engine_health,v1_0.ev,v1_0.fuel_percent,v1_0.last_update,v1_0.latitude,v1_0.longitude,v1_0.model,v1_0.name,v1_0.next_maintenance_date,v1_0.number_plate,v1_0.odometer,v1_0.seats,v1_0.speed,v1_0.status,v1_0.tire_pressure,v1_0.tire_wear,v1_0.type from vehicles v1_0
Hibernate: select v1_0.id,v1_0.battery_health,v1_0.battery_percent,v1_0.driver_contact,v1_0.driver_name,v1_0.driver_rating,v1_0.engine_health,v1_0.ev,v1_0.fuel_percent,v1_0.last_update,v1_0.latitude,v1_0.longitude,v1_0.model,v1_0.name,v1_0.next_maintenance_date,v1_0.number_plate,v1_0.odometer,v1_0.seats,v1_0.speed,v1_0.status,v1_0.tire_pressure,v1_0.tire_wear,v1_0.type from vehicles v1_0
Hibernate: select u1_0.id,u1_0.email,u1_0.name,u1_0.password,u1_0.role from users u1_0
Hibernate: select u1_0.id,u1_0.email,u1_0.name,u1_0.password,u1_0.role from users u1_0
Hibernate: select b1_0.id,b1_0.amount,b1_0.end_location,b1_0.end_time,b1_0.estimated_duration,b1_0.rating,b1_0.review,b1_0.scheduled_start_time,b1_0.start_location,b1_0.start_time,b1_0.status,b1_0.user_id,b1_0.vehicle_id from bookings b1_0
Hibernate: select u1_0.id,u1_0.email,u1_0.name,u1_0.password,u1_0.role from users u1_0 where u1_0.id=?
Hibernate: select v1_0.id,v1_0.battery_health,v1_0.battery_percent,v1_0.driver_contact,v1_0.driver_name,v1_0.driver_rating,v1_0.engine_health,v1_0.ev,v1_0.fuel_percent,v1_0.last_update,v1_0.latitude,v1_0.longitude,v1_0.model,v1_0.name,v1_0.next_maintenance_date,v1_0.number_plate,v1_0.odometer,v1_0.seats,v1_0.speed,v1_0.status,v1_0.tire_pressure,v1_0.tire_wear,v1_0.type from vehicles v1_0 where v1_0.id=?
Hibernate: select u1_0.id,u1_0.email,u1_0.name,u1_0.password,u1_0.role from users u1_0 where u1_0.id=?
Hibernate: select v1_0.id,v1_0.battery_health,v1_0.battery_percent,v1_0.driver_contact,v1_0.driver_name,v1_0.driver_rating,v1_0.engine_health,v1_0.ev,v1_0.fuel_percent,v1_0.last_update,v1_0.latitude,v1_0.longitude,v1_0.model,v1_0.name,v1_0.next_maintenance_date,v1_0.number_plate,v1_0.odometer,v1_0.seats,v1_0.speed,v1_0.status,v1_0.tire_pressure,v1_0.tire_wear,v1_0.type from vehicles v1_0 where v1_0.id=?
Hibernate: select v1_0.id,v1_0.battery_health,v1_0.battery_percent,v1_0.driver_contact,v1_0.driver_name,v1_0.driver_rating,v1_0.engine_health,v1_0.ev,v1_0.fuel_percent,v1_0.last_update,v1_0.latitude,v1_0.longitude,v1_0.model,v1_0.name,v1_0.next_maintenance_date,v1_0.number_plate,v1_0.odometer,v1_0.seats,v1_0.speed,v1_0.status,v1_0.tire_pressure,v1_0.tire_wear,v1_0.type from vehicles v1_0 where v1_0.id=?
Hibernate: select b1_0.id,b1_0.amount,b1_0.end_location,b1_0.end_time,b1_0.estimated_duration,b1_0.rating,b1_0.review,b1_0.scheduled_start_time,b1_0.start_location,b1_0.start_time,b1_0.status,b1_0.user_id,b1_0.vehicle_id from bookings b1_0
Hibernate: select u1_0.id,u1_0.email,u1_0.name,u1_0.password,u1_0.role from users u1_0 where u1_0.id=?
Hibernate: select v1_0.id,v1_0.battery_health,v1_0.battery_percent,v1_0.driver_contact,v1_0.driver_name,v1_0.driver_rating,v1_0.engine_health,v1_0.ev,v1_0.fuel_percent,v1_0.last_update,v1_0.latitude,v1_0.longitude,v1_0.model,v1_0.name,v1_0.next_maintenance_date,v1_0.number_plate,v1_0.odometer,v1_0.seats,v1_0.speed,v1_0.status,v1_0.tire_pressure,v1_0.tire_wear,v1_0.type from vehicles v1_0 where v1_0.id=?
Hibernate: select u1_0.id,u1_0.email,u1_0.name,u1_0.password,u1_0.role from users u1_0 where u1_0.id=?
Hibernate: select v1_0.id,v1_0.battery_health,v1_0.battery_percent,v1_0.driver_contact,v1_0.driver_name,v1_0.driver_rating,v1_0.engine_health,v1_0.ev,v1_0.fuel_percent,v1_0.last_update,v1_0.latitude,v1_0.longitude,v1_0.model,v1_0.name,v1_0.next_maintenance_date,v1_0.number_plate,v1_0.odometer,v1_0.seats,v1_0.speed,v1_0.status,v1_0.tire_pressure,v1_0.tire_wear,v1_0.type from vehicles v1_0 where v1_0.id=?
Hibernate: select v1_0.id,v1_0.battery_health,v1_0.battery_percent,v1_0.driver_contact,v1_0.driver_name,v1_0.driver_rating,v1_0.engine_health,v1_0.ev,v1_0.fuel_percent,v1_0.last_update,v1_0.latitude,v1_0.longitude,v1_0.model,v1_0.name,v1_0.next_maintenance_date,v1_0.number_plate,v1_0.odometer,v1_0.seats,v1_0.speed,v1_0.status,v1_0.tire_pressure,v1_0.tire_wear,v1_0.type from vehicles v1_0 where v1_0.id=?
Hibernate: select v1_0.id,v1_0.battery_health,v1_0.battery_percent,v1_0.driver_contact,v1_0.driver_name,v1_0.driver_rating,v1_0.engine_health,v1_0.ev,v1_0.fuel_percent,v1_0.last_update,v1_0.latitude,v1_0.longitude,v1_0.model,v1_0.name,v1_0.next_maintenance_date,v1_0.number_plate,v1_0.odometer,v1_0.seats,v1_0.speed,v1_0.status,v1_0.tire_pressure,v1_0.tire_wear,v1_0.type from vehicles v1_0
Hibernate: select u1_0.id,u1_0.email,u1_0.name,u1_0.password,u1_0.role from users u1_0
Hibernate: select b1_0.id,b1_0.amount,b1_0.end_location,b1_0.end_time,b1_0.estimated_duration,b1_0.rating,b1_0.review,b1_0.scheduled_start_time,b1_0.start_location,b1_0.start_time,b1_0.status,b1_0.user_id,b1_0.vehicle_id from bookings b1_0
Hibernate: select u1_0.id,u1_0.email,u1_0.name,u1_0.password,u1_0.role from users u1_0 where u1_0.id=?
Hibernate: select v1_0.id,v1_0.battery_health,v1_0.battery_percent,v1_0.driver_contact,v1_0.driver_name,v1_0.driver_rating,v1_0.engine_health,v1_0.ev,v1_0.fuel_percent,v1_0.last_update,v1_0.latitude,v1_0.longitude,v1_0.model,v1_0.name,v1_0.next_maintenance_date,v1_0.number_plate,v1_0.odometer,v1_0.seats,v1_0.speed,v1_0.status,v1_0.tire_pressure,v1_0.tire_wear,v1_0.type from vehicles v1_0 where v1_0.id=?
Hibernate: select u1_0.id,u1_0.email,u1_0.name,u1_0.password,u1_0.role from users u1_0 where u1_0.id=?
Hibernate: select v1_0.id,v1_0.battery_health,v1_0.battery_percent,v1_0.driver_contact,v1_0.driver_name,v1_0.driver_rating,v1_0.engine_health,v1_0.ev,v1_0.fuel_percent,v1_0.last_update,v1_0.latitude,v1_0.longitude,v1_0.model,v1_0.name,v1_0.next_maintenance_date,v1_0.number_plate,v1_0.odometer,v1_0.seats,v1_0.speed,v1_0.status,v1_0.tire_pressure,v1_0.tire_wear,v1_0.type from vehicles v1_0 where v1_0.id=?
Hibernate: select v1_0.id,v1_0.battery_health,v1_0.battery_percent,v1_0.driver_contact,v1_0.driver_name,v1_0.driver_rating,v1_0.engine_health,v1_0.ev,v1_0.fuel_percent,v1_0.last_update,v1_0.latitude,v1_0.longitude,v1_0.model,v1_0.name,v1_0.next_maintenance_date,v1_0.number_plate,v1_0.odometer,v1_0.seats,v1_0.speed,v1_0.status,v1_0.tire_pressure,v1_0.tire_wear,v1_0.type from vehicles v1_0 where v1_0.id=?
Hibernate: select v1_0.id,v1_0.battery_health,v1_0.battery_percent,v1_0.driver_contact,v1_0.driver_name,v1_0.driver_rating,v1_0.engine_health,v1_0.ev,v1_0.fuel_percent,v1_0.last_update,v1_0.latitude,v1_0.longitude,v1_0.model,v1_0.name,v1_0.next_maintenance_date,v1_0.number_plate,v1_0.odometer,v1_0.seats,v1_0.speed,v1_0.status,v1_0.tire_pressure,v1_0.tire_wear,v1_0.type from vehicles v1_0
Hibernate: select u1_0.id,u1_0.email,u1_0.name,u1_0.password,u1_0.role from users u1_0
Hibernate: select b1_0.id,b1_0.amount,b1_0.end_location,b1_0.end_time,b1_0.estimated_duration,b1_0.rating,b1_0.review,b1_0.scheduled_start_time,b1_0.start_location,b1_0.start_time,b1_0.status,b1_0.user_id,b1_0.vehicle_id from bookings b1_0
Hibernate: select u1_0.id,u1_0.email,u1_0.name,u1_0.password,u1_0.role from users u1_0 where u1_0.id=?
Hibernate: select v1_0.id,v1_0.battery_health,v1_0.battery_percent,v1_0.driver_contact,v1_0.driver_name,v1_0.driver_rating,v1_0.engine_health,v1_0.ev,v1_0.fuel_percent,v1_0.last_update,v1_0.latitude,v1_0.longitude,v1_0.model,v1_0.name,v1_0.next_maintenance_date,v1_0.number_plate,v1_0.odometer,v1_0.seats,v1_0.speed,v1_0.status,v1_0.tire_pressure,v1_0.tire_wear,v1_0.type from vehicles v1_0 where v1_0.id=?
Hibernate: select u1_0.id,u1_0.email,u1_0.name,u1_0.password,u1_0.role from users u1_0 where u1_0.id=?
Hibernate: select v1_0.id,v1_0.battery_health,v1_0.battery_percent,v1_0.driver_contact,v1_0.driver_name,v1_0.driver_rating,v1_0.engine_health,v1_0.ev,v1_0.fuel_percent,v1_0.last_update,v1_0.latitude,v1_0.longitude,v1_0.model,v1_0.name,v1_0.next_maintenance_date,v1_0.number_plate,v1_0.odometer,v1_0.seats,v1_0.speed,v1_0.status,v1_0.tire_pressure,v1_0.tire_wear,v1_0.type from vehicles v1_0 where v1_0.id=?
Hibernate: select v1_0.id,v1_0.battery_health,v1_0.battery_percent,v1_0.driver_contact,v1_0.driver_name,v1_0.driver_rating,v1_0.engine_health,v1_0.ev,v1_0.fuel_percent,v1_0.last_update,v1_0.latitude,v1_0.longitude,v1_0.model,v1_0.name,v1_0.next_maintenance_date,v1_0.number_plate,v1_0.odometer,v1_0.seats,v1_0.speed,v1_0.status,v1_0.tire_pressure,v1_0.tire_wear,v1_0.type from vehicles v1_0 where v1_0.id=?
Hibernate: select v1_0.id,v1_0.battery_health,v1_0.battery_percent,v1_0.driver_contact,v1_0.driver_name,v1_0.driver_rating,v1_0.engine_health,v1_0.ev,v1_0.fuel_percent,v1_0.last_update,v1_0.latitude,v1_0.longitude,v1_0.model,v1_0.name,v1_0.next_maintenance_date,v1_0.number_plate,v1_0.odometer,v1_0.seats,v1_0.speed,v1_0.status,v1_0.tire_pressure,v1_0.tire_wear,v1_0.type from vehicles v1_0
Hibernate: select u1_0.id,u1_0.email,u1_0.name,u1_0.password,u1_0.role from users u1_0
Hibernate: select b1_0.id,b1_0.amount,b1_0.end_location,b1_0.end_time,b1_0.estimated_duration,b1_0.rating,b1_0.review,b1_0.scheduled_start_time,b1_0.start_location,b1_0.start_time,b1_0.status,b1_0.user_id,b1_0.vehicle_id from bookings b1_0
Hibernate: select u1_0.id,u1_0.email,u1_0.name,u1_0.password,u1_0.role from users u1_0 where u1_0.id=?
Hibernate: select v1_0.id,v1_0.battery_health,v1_0.battery_percent,v1_0.driver_contact,v1_0.driver_name,v1_0.driver_rating,v1_0.engine_health,v1_0.ev,v1_0.fuel_percent,v1_0.last_update,v1_0.latitude,v1_0.longitude,v1_0.model,v1_0.name,v1_0.next_maintenance_date,v1_0.number_plate,v1_0.odometer,v1_0.seats,v1_0.speed,v1_0.status,v1_0.tire_pressure,v1_0.tire_wear,v1_0.type from vehicles v1_0 where v1_0.id=?
Hibernate: select u1_0.id,u1_0.email,u1_0.name,u1_0.password,u1_0.role from users u1_0 where u1_0.id=?
Hibernate: select v1_0.id,v1_0.battery_health,v1_0.battery_percent,v1_0.driver_contact,v1_0.driver_name,v1_0.driver_rating,v1_0.engine_health,v1_0.ev,v1_0.fuel_percent,v1_0.last_update,v1_0.latitude,v1_0.longitude,v1_0.model,v1_0.name,v1_0.next_maintenance_date,v1_0.number_plate,v1_0.odometer,v1_0.seats,v1_0.speed,v1_0.status,v1_0.tire_pressure,v1_0.tire_wear,v1_0.type from vehicles v1_0 where v1_0.id=?
Hibernate: select v1_0.id,v1_0.battery_health,v1_0.battery_percent,v1_0.driver_contact,v1_0.driver_name,v1_0.driver_rating,v1_0.engine_health,v1_0.ev,v1_0.fuel_percent,v1_0.last_update,v1_0.latitude,v1_0.longitude,v1_0.model,v1_0.name,v1_0.next_maintenance_date,v1_0.number_plate,v1_0.odometer,v1_0.seats,v1_0.speed,v1_0.status,v1_0.tire_pressure,v1_0.tire_wear,v1_0.type from vehicles v1_0 where v1_0.id=?
Hibernate: select v1_0.id,v1_0.battery_health,v1_0.battery_percent,v1_0.driver_contact,v1_0.driver_name,v1_0.driver_rating,v1_0.engine_health,v1_0.ev,v1_0.fuel_percent,v1_0.last_update,v1_0.latitude,v1_0.longitude,v1_0.model,v1_0.name,v1_0.next_maintenance_date,v1_0.number_plate,v1_0.odometer,v1_0.seats,v1_0.speed,v1_0.status,v1_0.tire_pressure,v1_0.tire_wear,v1_0.type from vehicles v1_0
Hibernate: select v1_0.id,v1_0.battery_health,v1_0.battery_percent,v1_0.driver_contact,v1_0.driver_name,v1_0.driver_rating,v1_0.engine_health,v1_0.ev,v1_0.fuel_percent,v1_0.last_update,v1_0.latitude,v1_0.longitude,v1_0.model,v1_0.name,v1_0.next_maintenance_date,v1_0.number_plate,v1_0.odometer,v1_0.seats,v1_0.speed,v1_0.status,v1_0.tire_pressure,v1_0.tire_wear,v1_0.type from vehicles v1_0
Hibernate: select v1_0.id,v1_0.battery_health,v1_0.battery_percent,v1_0.driver_contact,v1_0.driver_name,v1_0.driver_rating,v1_0.engine_health,v1_0.ev,v1_0.fuel_percent,v1_0.last_update,v1_0.latitude,v1_0.longitude,v1_0.model,v1_0.name,v1_0.next_maintenance_date,v1_0.number_plate,v1_0.odometer,v1_0.seats,v1_0.speed,v1_0.status,v1_0.tire_pressure,v1_0.tire_wear,v1_0.type from vehicles v1_0
Hibernate: select u1_0.id,u1_0.email,u1_0.name,u1_0.password,u1_0.role from users u1_0
Hibernate: select b1_0.id,b1_0.amount,b1_0.end_location,b1_0.end_time,b1_0.estimated_duration,b1_0.rating,b1_0.review,b1_0.scheduled_start_time,b1_0.start_location,b1_0.start_time,b1_0.status,b1_0.user_id,b1_0.vehicle_id from bookings b1_0
Hibernate: select u1_0.id,u1_0.email,u1_0.name,u1_0.password,u1_0.role from users u1_0 where u1_0.id=?
Hibernate: select v1_0.id,v1_0.battery_health,v1_0.battery_percent,v1_0.driver_contact,v1_0.driver_name,v1_0.driver_rating,v1_0.engine_health,v1_0.ev,v1_0.fuel_percent,v1_0.last_update,v1_0.latitude,v1_0.longitude,v1_0.model,v1_0.name,v1_0.next_maintenance_date,v1_0.number_plate,v1_0.odometer,v1_0.seats,v1_0.speed,v1_0.status,v1_0.tire_pressure,v1_0.tire_wear,v1_0.type from vehicles v1_0 where v1_0.id=?
Hibernate: select u1_0.id,u1_0.email,u1_0.name,u1_0.password,u1_0.role from users u1_0 where u1_0.id=?
Hibernate: select v1_0.id,v1_0.battery_health,v1_0.battery_percent,v1_0.driver_contact,v1_0.driver_name,v1_0.driver_rating,v1_0.engine_health,v1_0.ev,v1_0.fuel_percent,v1_0.last_update,v1_0.latitude,v1_0.longitude,v1_0.model,v1_0.name,v1_0.next_maintenance_date,v1_0.number_plate,v1_0.odometer,v1_0.seats,v1_0.speed,v1_0.status,v1_0.tire_pressure,v1_0.tire_wear,v1_0.type from vehicles v1_0 where v1_0.id=?
Hibernate: select v1_0.id,v1_0.battery_health,v1_0.battery_percent,v1_0.driver_contact,v1_0.driver_name,v1_0.driver_rating,v1_0.engine_health,v1_0.ev,v1_0.fuel_percent,v1_0.last_update,v1_0.latitude,v1_0.longitude,v1_0.model,v1_0.name,v1_0.next_maintenance_date,v1_0.number_plate,v1_0.odometer,v1_0.seats,v1_0.speed,v1_0.status,v1_0.tire_pressure,v1_0.tire_wear,v1_0.type from vehicles v1_0 where v1_0.id=?
Hibernate: select v1_0.id,v1_0.battery_health,v1_0.battery_percent,v1_0.driver_contact,v1_0.driver_name,v1_0.driver_rating,v1_0.engine_health,v1_0.ev,v1_0.fuel_percent,v1_0.last_update,v1_0.latitude,v1_0.longitude,v1_0.model,v1_0.name,v1_0.next_maintenance_date,v1_0.number_plate,v1_0.odometer,v1_0.seats,v1_0.speed,v1_0.status,v1_0.tire_pressure,v1_0.tire_wear,v1_0.type from vehicles v1_0
Hibernate: select v1_0.id,v1_0.battery_health,v1_0.battery_percent,v1_0.driver_contact,v1_0.driver_name,v1_0.driver_rating,v1_0.engine_health,v1_0.ev,v1_0.fuel_percent,v1_0.last_update,v1_0.latitude,v1_0.longitude,v1_0.model,v1_0.name,v1_0.next_maintenance_date,v1_0.number_plate,v1_0.odometer,v1_0.seats,v1_0.speed,v1_0.status,v1_0.tire_pressure,v1_0.tire_wear,v1_0.type from vehicles v1_0 where v1_0.id=?
Hibernate: update vehicles set battery_health=?,battery_percent=?,driver_contact=?,driver_name=?,driver_rating=?,engine_health=?,ev=?,fuel_percent=?,last_update=?,latitude=?,longitude=?,model=?,name=?,next_maintenance_date=?,number_plate=?,odometer=?,seats=?,speed=?,status=?,tire_pressure=?,tire_wear=?,type=? where id=?
?? Vehicle 3 health reset completed.
Hibernate: select v1_0.id,v1_0.battery_health,v1_0.battery_percent,v1_0.driver_contact,v1_0.driver_name,v1_0.driver_rating,v1_0.engine_health,v1_0.ev,v1_0.fuel_percent,v1_0.last_update,v1_0.latitude,v1_0.longitude,v1_0.model,v1_0.name,v1_0.next_maintenance_date,v1_0.number_plate,v1_0.odometer,v1_0.seats,v1_0.speed,v1_0.status,v1_0.tire_pressure,v1_0.tire_wear,v1_0.type from vehicles v1_0
Hibernate: select v1_0.id,v1_0.battery_health,v1_0.battery_percent,v1_0.driver_contact,v1_0.driver_name,v1_0.driver_rating,v1_0.engine_health,v1_0.ev,v1_0.fuel_percent,v1_0.last_update,v1_0.latitude,v1_0.longitude,v1_0.model,v1_0.name,v1_0.next_maintenance_date,v1_0.number_plate,v1_0.odometer,v1_0.seats,v1_0.speed,v1_0.status,v1_0.tire_pressure,v1_0.tire_wear,v1_0.type from vehicles v1_0
Hibernate: select u1_0.id,u1_0.email,u1_0.name,u1_0.password,u1_0.role from users u1_0
Hibernate: select b1_0.id,b1_0.amount,b1_0.end_location,b1_0.end_time,b1_0.estimated_duration,b1_0.rating,b1_0.review,b1_0.scheduled_start_time,b1_0.start_location,b1_0.start_time,b1_0.status,b1_0.user_id,b1_0.vehicle_id from bookings b1_0
Hibernate: select u1_0.id,u1_0.email,u1_0.name,u1_0.password,u1_0.role from users u1_0 where u1_0.id=?
Hibernate: select v1_0.id,v1_0.battery_health,v1_0.battery_percent,v1_0.driver_contact,v1_0.driver_name,v1_0.driver_rating,v1_0.engine_health,v1_0.ev,v1_0.fuel_percent,v1_0.last_update,v1_0.latitude,v1_0.longitude,v1_0.model,v1_0.name,v1_0.next_maintenance_date,v1_0.number_plate,v1_0.odometer,v1_0.seats,v1_0.speed,v1_0.status,v1_0.tire_pressure,v1_0.tire_wear,v1_0.type from vehicles v1_0 where v1_0.id=?
Hibernate: select u1_0.id,u1_0.email,u1_0.name,u1_0.password,u1_0.role from users u1_0 where u1_0.id=?
Hibernate: select v1_0.id,v1_0.battery_health,v1_0.battery_percent,v1_0.driver_contact,v1_0.driver_name,v1_0.driver_rating,v1_0.engine_health,v1_0.ev,v1_0.fuel_percent,v1_0.last_update,v1_0.latitude,v1_0.longitude,v1_0.model,v1_0.name,v1_0.next_maintenance_date,v1_0.number_plate,v1_0.odometer,v1_0.seats,v1_0.speed,v1_0.status,v1_0.tire_pressure,v1_0.tire_wear,v1_0.type from vehicles v1_0 where v1_0.id=?
Hibernate: select v1_0.id,v1_0.battery_health,v1_0.battery_percent,v1_0.driver_contact,v1_0.driver_name,v1_0.driver_rating,v1_0.engine_health,v1_0.ev,v1_0.fuel_percent,v1_0.last_update,v1_0.latitude,v1_0.longitude,v1_0.model,v1_0.name,v1_0.next_maintenance_date,v1_0.number_plate,v1_0.odometer,v1_0.seats,v1_0.speed,v1_0.status,v1_0.tire_pressure,v1_0.tire_wear,v1_0.type from vehicles v1_0 where v1_0.id=?
Hibernate: select v1_0.id,v1_0.battery_health,v1_0.battery_percent,v1_0.driver_contact,v1_0.driver_name,v1_0.driver_rating,v1_0.engine_health,v1_0.ev,v1_0.fuel_percent,v1_0.last_update,v1_0.latitude,v1_0.longitude,v1_0.model,v1_0.name,v1_0.next_maintenance_date,v1_0.number_plate,v1_0.odometer,v1_0.seats,v1_0.speed,v1_0.status,v1_0.tire_pressure,v1_0.tire_wear,v1_0.type from vehicles v1_0
Hibernate: select u1_0.id,u1_0.email,u1_0.name,u1_0.password,u1_0.role from users u1_0
Hibernate: select b1_0.id,b1_0.amount,b1_0.end_location,b1_0.end_time,b1_0.estimated_duration,b1_0.rating,b1_0.review,b1_0.scheduled_start_time,b1_0.start_location,b1_0.start_time,b1_0.status,b1_0.user_id,b1_0.vehicle_id from bookings b1_0
Hibernate: select u1_0.id,u1_0.email,u1_0.name,u1_0.password,u1_0.role from users u1_0 where u1_0.id=?
Hibernate: select v1_0.id,v1_0.battery_health,v1_0.battery_percent,v1_0.driver_contact,v1_0.driver_name,v1_0.driver_rating,v1_0.engine_health,v1_0.ev,v1_0.fuel_percent,v1_0.last_update,v1_0.latitude,v1_0.longitude,v1_0.model,v1_0.name,v1_0.next_maintenance_date,v1_0.number_plate,v1_0.odometer,v1_0.seats,v1_0.speed,v1_0.status,v1_0.tire_pressure,v1_0.tire_wear,v1_0.type from vehicles v1_0 where v1_0.id=?
Hibernate: select u1_0.id,u1_0.email,u1_0.name,u1_0.password,u1_0.role from users u1_0 where u1_0.id=?
Hibernate: select v1_0.id,v1_0.battery_health,v1_0.battery_percent,v1_0.driver_contact,v1_0.driver_name,v1_0.driver_rating,v1_0.engine_health,v1_0.ev,v1_0.fuel_percent,v1_0.last_update,v1_0.latitude,v1_0.longitude,v1_0.model,v1_0.name,v1_0.next_maintenance_date,v1_0.number_plate,v1_0.odometer,v1_0.seats,v1_0.speed,v1_0.status,v1_0.tire_pressure,v1_0.tire_wear,v1_0.type from vehicles v1_0 where v1_0.id=?
Hibernate: select v1_0.id,v1_0.battery_health,v1_0.battery_percent,v1_0.driver_contact,v1_0.driver_name,v1_0.driver_rating,v1_0.engine_health,v1_0.ev,v1_0.fuel_percent,v1_0.last_update,v1_0.latitude,v1_0.longitude,v1_0.model,v1_0.name,v1_0.next_maintenance_date,v1_0.number_plate,v1_0.odometer,v1_0.seats,v1_0.speed,v1_0.status,v1_0.tire_pressure,v1_0.tire_wear,v1_0.type from vehicles v1_0 where v1_0.id=?
Hibernate: select v1_0.id,v1_0.battery_health,v1_0.battery_percent,v1_0.driver_contact,v1_0.driver_name,v1_0.driver_rating,v1_0.engine_health,v1_0.ev,v1_0.fuel_percent,v1_0.last_update,v1_0.latitude,v1_0.longitude,v1_0.model,v1_0.name,v1_0.next_maintenance_date,v1_0.number_plate,v1_0.odometer,v1_0.seats,v1_0.speed,v1_0.status,v1_0.tire_pressure,v1_0.tire_wear,v1_0.type from vehicles v1_0
? [AuthService] Login Attempt for Email: [sree@gmail.com]
Hibernate: select u1_0.id,u1_0.email,u1_0.name,u1_0.password,u1_0.role from users u1_0 where u1_0.email=?
? [AuthService] User found. Stored Hash starts with: $2a$10$rYz
? [AuthService] Login SUCCESS for: [sree@gmail.com] Role: [CUSTOMER]
Hibernate: select v1_0.id,v1_0.battery_health,v1_0.battery_percent,v1_0.driver_contact,v1_0.driver_name,v1_0.driver_rating,v1_0.engine_health,v1_0.ev,v1_0.fuel_percent,v1_0.last_update,v1_0.latitude,v1_0.longitude,v1_0.model,v1_0.name,v1_0.next_maintenance_date,v1_0.number_plate,v1_0.odometer,v1_0.seats,v1_0.speed,v1_0.status,v1_0.tire_pressure,v1_0.tire_wear,v1_0.type from vehicles v1_0 where v1_0.status in (?,?)
Hibernate: select v1_0.id,v1_0.battery_health,v1_0.battery_percent,v1_0.driver_contact,v1_0.driver_name,v1_0.driver_rating,v1_0.engine_health,v1_0.ev,v1_0.fuel_percent,v1_0.last_update,v1_0.latitude,v1_0.longitude,v1_0.model,v1_0.name,v1_0.next_maintenance_date,v1_0.number_plate,v1_0.odometer,v1_0.seats,v1_0.speed,v1_0.status,v1_0.tire_pressure,v1_0.tire_wear,v1_0.type from vehicles v1_0 where v1_0.status in (?,?)
? Fetching safe history for User ID: 16
Hibernate: select b1_0.id,b1_0.amount,b1_0.end_location,b1_0.end_time,b1_0.estimated_duration,b1_0.rating,b1_0.review,b1_0.scheduled_start_time,b1_0.start_location,b1_0.start_time,b1_0.status,b1_0.user_id,b1_0.vehicle_id from bookings b1_0 left join users u1_0 on u1_0.id=b1_0.user_id where u1_0.id=?
Hibernate: select u1_0.id,u1_0.email,u1_0.name,u1_0.password,u1_0.role from users u1_0 where u1_0.id=?
Hibernate: select v1_0.id,v1_0.battery_health,v1_0.battery_percent,v1_0.driver_contact,v1_0.driver_name,v1_0.driver_rating,v1_0.engine_health,v1_0.ev,v1_0.fuel_percent,v1_0.last_update,v1_0.latitude,v1_0.longitude,v1_0.model,v1_0.name,v1_0.next_maintenance_date,v1_0.number_plate,v1_0.odometer,v1_0.seats,v1_0.speed,v1_0.status,v1_0.tire_pressure,v1_0.tire_wear,v1_0.type from vehicles v1_0 where v1_0.id=?
Hibernate: select v1_0.id,v1_0.battery_health,v1_0.battery_percent,v1_0.driver_contact,v1_0.driver_name,v1_0.driver_rating,v1_0.engine_health,v1_0.ev,v1_0.fuel_percent,v1_0.last_update,v1_0.latitude,v1_0.longitude,v1_0.model,v1_0.name,v1_0.next_maintenance_date,v1_0.number_plate,v1_0.odometer,v1_0.seats,v1_0.speed,v1_0.status,v1_0.tire_pressure,v1_0.tire_wear,v1_0.type from vehicles v1_0 where v1_0.id=?
Hibernate: select v1_0.id,v1_0.battery_health,v1_0.battery_percent,v1_0.driver_contact,v1_0.driver_name,v1_0.driver_rating,v1_0.engine_health,v1_0.ev,v1_0.fuel_percent,v1_0.last_update,v1_0.latitude,v1_0.longitude,v1_0.model,v1_0.name,v1_0.next_maintenance_date,v1_0.number_plate,v1_0.odometer,v1_0.seats,v1_0.speed,v1_0.status,v1_0.tire_pressure,v1_0.tire_wear,v1_0.type from vehicles v1_0 where v1_0.id=?
Hibernate: select v1_0.id,v1_0.battery_health,v1_0.battery_percent,v1_0.driver_contact,v1_0.driver_name,v1_0.driver_rating,v1_0.engine_health,v1_0.ev,v1_0.fuel_percent,v1_0.last_update,v1_0.latitude,v1_0.longitude,v1_0.model,v1_0.name,v1_0.next_maintenance_date,v1_0.number_plate,v1_0.odometer,v1_0.seats,v1_0.speed,v1_0.status,v1_0.tire_pressure,v1_0.tire_wear,v1_0.type from vehicles v1_0 where v1_0.status in (?,?)
? [AuthService] Login Attempt for Email: [driver@gmail.com]
Hibernate: select u1_0.id,u1_0.email,u1_0.name,u1_0.password,u1_0.role from users u1_0 where u1_0.email=?
? [AuthService] User found. Stored Hash starts with: $2a$10$FMl
? [AuthService] Login SUCCESS for: [driver@gmail.com] Role: [DRIVER]
Hibernate: select v1_0.id,v1_0.battery_health,v1_0.battery_percent,v1_0.driver_contact,v1_0.driver_name,v1_0.driver_rating,v1_0.engine_health,v1_0.ev,v1_0.fuel_percent,v1_0.last_update,v1_0.latitude,v1_0.longitude,v1_0.model,v1_0.name,v1_0.next_maintenance_date,v1_0.number_plate,v1_0.odometer,v1_0.seats,v1_0.speed,v1_0.status,v1_0.tire_pressure,v1_0.tire_wear,v1_0.type from vehicles v1_0
? [DriverController] Fetching bookings for Driver: [Ramesh Driver]
Hibernate: select b1_0.id,b1_0.amount,b1_0.end_location,b1_0.end_time,b1_0.estimated_duration,b1_0.rating,b1_0.review,b1_0.scheduled_start_time,b1_0.start_location,b1_0.start_time,b1_0.status,b1_0.user_id,b1_0.vehicle_id from bookings b1_0 left join vehicles v1_0 on v1_0.id=b1_0.vehicle_id where v1_0.driver_name=?
Hibernate: select u1_0.id,u1_0.email,u1_0.name,u1_0.password,u1_0.role from users u1_0 where u1_0.id=?
Hibernate: select v1_0.id,v1_0.battery_health,v1_0.battery_percent,v1_0.driver_contact,v1_0.driver_name,v1_0.driver_rating,v1_0.engine_health,v1_0.ev,v1_0.fuel_percent,v1_0.last_update,v1_0.latitude,v1_0.longitude,v1_0.model,v1_0.name,v1_0.next_maintenance_date,v1_0.number_plate,v1_0.odometer,v1_0.seats,v1_0.speed,v1_0.status,v1_0.tire_pressure,v1_0.tire_wear,v1_0.type from vehicles v1_0
Hibernate: select b1_0.id,b1_0.amount,b1_0.end_location,b1_0.end_time,b1_0.estimated_duration,b1_0.rating,b1_0.review,b1_0.scheduled_start_time,b1_0.start_location,b1_0.start_time,b1_0.status,b1_0.user_id,b1_0.vehicle_id from bookings b1_0 left join vehicles v1_0 on v1_0.id=b1_0.vehicle_id where v1_0.driver_name=?
Hibernate: select v1_0.id,v1_0.battery_health,v1_0.battery_percent,v1_0.driver_contact,v1_0.driver_name,v1_0.driver_rating,v1_0.engine_health,v1_0.ev,v1_0.fuel_percent,v1_0.last_update,v1_0.latitude,v1_0.longitude,v1_0.model,v1_0.name,v1_0.next_maintenance_date,v1_0.number_plate,v1_0.odometer,v1_0.seats,v1_0.speed,v1_0.status,v1_0.tire_pressure,v1_0.tire_wear,v1_0.type from vehicles v1_0 where v1_0.id=?
Hibernate: select u1_0.id,u1_0.email,u1_0.name,u1_0.password,u1_0.role from users u1_0 where u1_0.id=?
? [DriverController] Found 27 bookings for [Ramesh Driver]
? [DriverController] Fetching bookings for Driver: [Ramesh Driver]
Hibernate: select u1_0.id,u1_0.email,u1_0.name,u1_0.password,u1_0.role from users u1_0 where u1_0.id=?
Hibernate: select b1_0.id,b1_0.amount,b1_0.end_location,b1_0.end_time,b1_0.estimated_duration,b1_0.rating,b1_0.review,b1_0.scheduled_start_time,b1_0.start_location,b1_0.start_time,b1_0.status,b1_0.user_id,b1_0.vehicle_id from bookings b1_0 left join vehicles v1_0 on v1_0.id=b1_0.vehicle_id where v1_0.driver_name=?
Hibernate: select v1_0.id,v1_0.battery_health,v1_0.battery_percent,v1_0.driver_contact,v1_0.driver_name,v1_0.driver_rating,v1_0.engine_health,v1_0.ev,v1_0.fuel_percent,v1_0.last_update,v1_0.latitude,v1_0.longitude,v1_0.model,v1_0.name,v1_0.next_maintenance_date,v1_0.number_plate,v1_0.odometer,v1_0.seats,v1_0.speed,v1_0.status,v1_0.tire_pressure,v1_0.tire_wear,v1_0.type from vehicles v1_0 where v1_0.id=?
Hibernate: select u1_0.id,u1_0.email,u1_0.name,u1_0.password,u1_0.role from users u1_0 where u1_0.id=?
Hibernate: select u1_0.id,u1_0.email,u1_0.name,u1_0.password,u1_0.role from users u1_0 where u1_0.id=?
Hibernate: select v1_0.id,v1_0.battery_health,v1_0.battery_percent,v1_0.driver_contact,v1_0.driver_name,v1_0.driver_rating,v1_0.engine_health,v1_0.ev,v1_0.fuel_percent,v1_0.last_update,v1_0.latitude,v1_0.longitude,v1_0.model,v1_0.name,v1_0.next_maintenance_date,v1_0.number_plate,v1_0.odometer,v1_0.seats,v1_0.speed,v1_0.status,v1_0.tire_pressure,v1_0.tire_wear,v1_0.type from vehicles v1_0 where v1_0.id=?
Hibernate: select u1_0.id,u1_0.email,u1_0.name,u1_0.password,u1_0.role from users u1_0 where u1_0.id=?
? [DriverController] Found 27 bookings for [Ramesh Driver]
Hibernate: select v1_0.id,v1_0.battery_health,v1_0.battery_percent,v1_0.driver_contact,v1_0.driver_name,v1_0.driver_rating,v1_0.engine_health,v1_0.ev,v1_0.fuel_percent,v1_0.last_update,v1_0.latitude,v1_0.longitude,v1_0.model,v1_0.name,v1_0.next_maintenance_date,v1_0.number_plate,v1_0.odometer,v1_0.seats,v1_0.speed,v1_0.status,v1_0.tire_pressure,v1_0.tire_wear,v1_0.type from vehicles v1_0
Hibernate: select b1_0.id,b1_0.amount,b1_0.end_location,b1_0.end_time,b1_0.estimated_duration,b1_0.rating,b1_0.review,b1_0.scheduled_start_time,b1_0.start_location,b1_0.start_time,b1_0.status,b1_0.user_id,b1_0.vehicle_id from bookings b1_0 left join vehicles v1_0 on v1_0.id=b1_0.vehicle_id where v1_0.driver_name=?
Hibernate: select u1_0.id,u1_0.email,u1_0.name,u1_0.password,u1_0.role from users u1_0 where u1_0.id=?
Hibernate: select v1_0.id,v1_0.battery_health,v1_0.battery_percent,v1_0.driver_contact,v1_0.driver_name,v1_0.driver_rating,v1_0.engine_health,v1_0.ev,v1_0.fuel_percent,v1_0.last_update,v1_0.latitude,v1_0.longitude,v1_0.model,v1_0.name,v1_0.next_maintenance_date,v1_0.number_plate,v1_0.odometer,v1_0.seats,v1_0.speed,v1_0.status,v1_0.tire_pressure,v1_0.tire_wear,v1_0.type from vehicles v1_0 where v1_0.id=?
Hibernate: select u1_0.id,u1_0.email,u1_0.name,u1_0.password,u1_0.role from users u1_0 where u1_0.id=?
Hibernate: select v1_0.id,v1_0.battery_health,v1_0.battery_percent,v1_0.driver_contact,v1_0.driver_name,v1_0.driver_rating,v1_0.engine_health,v1_0.ev,v1_0.fuel_percent,v1_0.last_update,v1_0.latitude,v1_0.longitude,v1_0.model,v1_0.name,v1_0.next_maintenance_date,v1_0.number_plate,v1_0.odometer,v1_0.seats,v1_0.speed,v1_0.status,v1_0.tire_pressure,v1_0.tire_wear,v1_0.type from vehicles v1_0
Hibernate: select v1_0.id,v1_0.battery_health,v1_0.battery_percent,v1_0.driver_contact,v1_0.driver_name,v1_0.driver_rating,v1_0.engine_health,v1_0.ev,v1_0.fuel_percent,v1_0.last_update,v1_0.latitude,v1_0.longitude,v1_0.model,v1_0.name,v1_0.next_maintenance_date,v1_0.number_plate,v1_0.odometer,v1_0.seats,v1_0.speed,v1_0.status,v1_0.tire_pressure,v1_0.tire_wear,v1_0.type from vehicles v1_0
Hibernate: select r1_0.id,r1_0.booking_id,r1_0.comment,r1_0.created_at,r1_0.rating,r1_0.vehicle_id from reviews r1_0 left join vehicles v1_0 on v1_0.id=r1_0.vehicle_id where v1_0.id=? order by r1_0.created_at desc
Hibernate: select b1_0.id,b1_0.amount,b1_0.end_location,b1_0.end_time,b1_0.estimated_duration,b1_0.rating,b1_0.review,b1_0.scheduled_start_time,b1_0.start_location,b1_0.start_time,b1_0.status,u1_0.id,u1_0.email,u1_0.name,u1_0.password,u1_0.role,v1_0.id,v1_0.battery_health,v1_0.battery_percent,v1_0.driver_contact,v1_0.driver_name,v1_0.driver_rating,v1_0.engine_health,v1_0.ev,v1_0.fuel_percent,v1_0.last_update,v1_0.latitude,v1_0.longitude,v1_0.model,v1_0.name,v1_0.next_maintenance_date,v1_0.number_plate,v1_0.odometer,v1_0.seats,v1_0.speed,v1_0.status,v1_0.tire_pressure,v1_0.tire_wear,v1_0.type from bookings b1_0 left join users u1_0 on u1_0.id=b1_0.user_id left join vehicles v1_0 on v1_0.id=b1_0.vehicle_id where b1_0.id=?
Hibernate: select b1_0.id,b1_0.amount,b1_0.end_location,b1_0.end_time,b1_0.estimated_duration,b1_0.rating,b1_0.review,b1_0.scheduled_start_time,b1_0.start_location,b1_0.start_time,b1_0.status,u1_0.id,u1_0.email,u1_0.name,u1_0.password,u1_0.role,v1_0.id,v1_0.battery_health,v1_0.battery_percent,v1_0.driver_contact,v1_0.driver_name,v1_0.driver_rating,v1_0.engine_health,v1_0.ev,v1_0.fuel_percent,v1_0.last_update,v1_0.latitude,v1_0.longitude,v1_0.model,v1_0.name,v1_0.next_maintenance_date,v1_0.number_plate,v1_0.odometer,v1_0.seats,v1_0.speed,v1_0.status,v1_0.tire_pressure,v1_0.tire_wear,v1_0.type from bookings b1_0 left join users u1_0 on u1_0.id=b1_0.user_id left join vehicles v1_0 on v1_0.id=b1_0.vehicle_id where b1_0.id=?
Hibernate: select b1_0.id,b1_0.amount,b1_0.end_location,b1_0.end_time,b1_0.estimated_duration,b1_0.rating,b1_0.review,b1_0.scheduled_start_time,b1_0.start_location,b1_0.start_time,b1_0.status,u1_0.id,u1_0.email,u1_0.name,u1_0.password,u1_0.role,v1_0.id,v1_0.battery_health,v1_0.battery_percent,v1_0.driver_contact,v1_0.driver_name,v1_0.driver_rating,v1_0.engine_health,v1_0.ev,v1_0.fuel_percent,v1_0.last_update,v1_0.latitude,v1_0.longitude,v1_0.model,v1_0.name,v1_0.next_maintenance_date,v1_0.number_plate,v1_0.odometer,v1_0.seats,v1_0.speed,v1_0.status,v1_0.tire_pressure,v1_0.tire_wear,v1_0.type from bookings b1_0 left join users u1_0 on u1_0.id=b1_0.user_id left join vehicles v1_0 on v1_0.id=b1_0.vehicle_id where b1_0.id=?
Hibernate: select b1_0.id,b1_0.amount,b1_0.end_location,b1_0.end_time,b1_0.estimated_duration,b1_0.rating,b1_0.review,b1_0.scheduled_start_time,b1_0.start_location,b1_0.start_time,b1_0.status,u1_0.id,u1_0.email,u1_0.name,u1_0.password,u1_0.role,v1_0.id,v1_0.battery_health,v1_0.battery_percent,v1_0.driver_contact,v1_0.driver_name,v1_0.driver_rating,v1_0.engine_health,v1_0.ev,v1_0.fuel_percent,v1_0.last_update,v1_0.latitude,v1_0.longitude,v1_0.model,v1_0.name,v1_0.next_maintenance_date,v1_0.number_plate,v1_0.odometer,v1_0.seats,v1_0.speed,v1_0.status,v1_0.tire_pressure,v1_0.tire_wear,v1_0.type from bookings b1_0 left join users u1_0 on u1_0.id=b1_0.user_id left join vehicles v1_0 on v1_0.id=b1_0.vehicle_id where b1_0.id=?
Hibernate: select b1_0.id,b1_0.amount,b1_0.end_location,b1_0.end_time,b1_0.estimated_duration,b1_0.rating,b1_0.review,b1_0.scheduled_start_time,b1_0.start_location,b1_0.start_time,b1_0.status,u1_0.id,u1_0.email,u1_0.name,u1_0.password,u1_0.role,v1_0.id,v1_0.battery_health,v1_0.battery_percent,v1_0.driver_contact,v1_0.driver_name,v1_0.driver_rating,v1_0.engine_health,v1_0.ev,v1_0.fuel_percent,v1_0.last_update,v1_0.latitude,v1_0.longitude,v1_0.model,v1_0.name,v1_0.next_maintenance_date,v1_0.number_plate,v1_0.odometer,v1_0.seats,v1_0.speed,v1_0.status,v1_0.tire_pressure,v1_0.tire_wear,v1_0.type from bookings b1_0 left join users u1_0 on u1_0.id=b1_0.user_id left join vehicles v1_0 on v1_0.id=b1_0.vehicle_id where b1_0.id=?
Hibernate: select b1_0.id,b1_0.amount,b1_0.end_location,b1_0.end_time,b1_0.estimated_duration,b1_0.rating,b1_0.review,b1_0.scheduled_start_time,b1_0.start_location,b1_0.start_time,b1_0.status,u1_0.id,u1_0.email,u1_0.name,u1_0.password,u1_0.role,v1_0.id,v1_0.battery_health,v1_0.battery_percent,v1_0.driver_contact,v1_0.driver_name,v1_0.driver_rating,v1_0.engine_health,v1_0.ev,v1_0.fuel_percent,v1_0.last_update,v1_0.latitude,v1_0.longitude,v1_0.model,v1_0.name,v1_0.next_maintenance_date,v1_0.number_plate,v1_0.odometer,v1_0.seats,v1_0.speed,v1_0.status,v1_0.tire_pressure,v1_0.tire_wear,v1_0.type from bookings b1_0 left join users u1_0 on u1_0.id=b1_0.user_id left join vehicles v1_0 on v1_0.id=b1_0.vehicle_id where b1_0.id=?
Hibernate: select v1_0.id,v1_0.battery_health,v1_0.battery_percent,v1_0.driver_contact,v1_0.driver_name,v1_0.driver_rating,v1_0.engine_health,v1_0.ev,v1_0.fuel_percent,v1_0.last_update,v1_0.latitude,v1_0.longitude,v1_0.model,v1_0.name,v1_0.next_maintenance_date,v1_0.number_plate,v1_0.odometer,v1_0.seats,v1_0.speed,v1_0.status,v1_0.tire_pressure,v1_0.tire_wear,v1_0.type from vehicles v1_0
Hibernate: select r1_0.id,r1_0.booking_id,r1_0.comment,r1_0.created_at,r1_0.rating,r1_0.vehicle_id from reviews r1_0 left join vehicles v1_0 on v1_0.id=r1_0.vehicle_id where v1_0.id=? order by r1_0.created_at desc
Hibernate: select b1_0.id,b1_0.amount,b1_0.end_location,b1_0.end_time,b1_0.estimated_duration,b1_0.rating,b1_0.review,b1_0.scheduled_start_time,b1_0.start_location,b1_0.start_time,b1_0.status,u1_0.id,u1_0.email,u1_0.name,u1_0.password,u1_0.role,v1_0.id,v1_0.battery_health,v1_0.battery_percent,v1_0.driver_contact,v1_0.driver_name,v1_0.driver_rating,v1_0.engine_health,v1_0.ev,v1_0.fuel_percent,v1_0.last_update,v1_0.latitude,v1_0.longitude,v1_0.model,v1_0.name,v1_0.next_maintenance_date,v1_0.number_plate,v1_0.odometer,v1_0.seats,v1_0.speed,v1_0.status,v1_0.tire_pressure,v1_0.tire_wear,v1_0.type from bookings b1_0 left join users u1_0 on u1_0.id=b1_0.user_id left join vehicles v1_0 on v1_0.id=b1_0.vehicle_id where b1_0.id=?
Hibernate: select b1_0.id,b1_0.amount,b1_0.end_location,b1_0.end_time,b1_0.estimated_duration,b1_0.rating,b1_0.review,b1_0.scheduled_start_time,b1_0.start_location,b1_0.start_time,b1_0.status,u1_0.id,u1_0.email,u1_0.name,u1_0.password,u1_0.role,v1_0.id,v1_0.battery_health,v1_0.battery_percent,v1_0.driver_contact,v1_0.driver_name,v1_0.driver_rating,v1_0.engine_health,v1_0.ev,v1_0.fuel_percent,v1_0.last_update,v1_0.latitude,v1_0.longitude,v1_0.model,v1_0.name,v1_0.next_maintenance_date,v1_0.number_plate,v1_0.odometer,v1_0.seats,v1_0.speed,v1_0.status,v1_0.tire_pressure,v1_0.tire_wear,v1_0.type from bookings b1_0 left join users u1_0 on u1_0.id=b1_0.user_id left join vehicles v1_0 on v1_0.id=b1_0.vehicle_id where b1_0.id=?
Hibernate: select b1_0.id,b1_0.amount,b1_0.end_location,b1_0.end_time,b1_0.estimated_duration,b1_0.rating,b1_0.review,b1_0.scheduled_start_time,b1_0.start_location,b1_0.start_time,b1_0.status,u1_0.id,u1_0.email,u1_0.name,u1_0.password,u1_0.role,v1_0.id,v1_0.battery_health,v1_0.battery_percent,v1_0.driver_contact,v1_0.driver_name,v1_0.driver_rating,v1_0.engine_health,v1_0.ev,v1_0.fuel_percent,v1_0.last_update,v1_0.latitude,v1_0.longitude,v1_0.model,v1_0.name,v1_0.next_maintenance_date,v1_0.number_plate,v1_0.odometer,v1_0.seats,v1_0.speed,v1_0.status,v1_0.tire_pressure,v1_0.tire_wear,v1_0.type from bookings b1_0 left join users u1_0 on u1_0.id=b1_0.user_id left join vehicles v1_0 on v1_0.id=b1_0.vehicle_id where b1_0.id=?
Hibernate: select b1_0.id,b1_0.amount,b1_0.end_location,b1_0.end_time,b1_0.estimated_duration,b1_0.rating,b1_0.review,b1_0.scheduled_start_time,b1_0.start_location,b1_0.start_time,b1_0.status,u1_0.id,u1_0.email,u1_0.name,u1_0.password,u1_0.role,v1_0.id,v1_0.battery_health,v1_0.battery_percent,v1_0.driver_contact,v1_0.driver_name,v1_0.driver_rating,v1_0.engine_health,v1_0.ev,v1_0.fuel_percent,v1_0.last_update,v1_0.latitude,v1_0.longitude,v1_0.model,v1_0.name,v1_0.next_maintenance_date,v1_0.number_plate,v1_0.odometer,v1_0.seats,v1_0.speed,v1_0.status,v1_0.tire_pressure,v1_0.tire_wear,v1_0.type from bookings b1_0 left join users u1_0 on u1_0.id=b1_0.user_id left join vehicles v1_0 on v1_0.id=b1_0.vehicle_id where b1_0.id=?
Hibernate: select b1_0.id,b1_0.amount,b1_0.end_location,b1_0.end_time,b1_0.estimated_duration,b1_0.rating,b1_0.review,b1_0.scheduled_start_time,b1_0.start_location,b1_0.start_time,b1_0.status,u1_0.id,u1_0.email,u1_0.name,u1_0.password,u1_0.role,v1_0.id,v1_0.battery_health,v1_0.battery_percent,v1_0.driver_contact,v1_0.driver_name,v1_0.driver_rating,v1_0.engine_health,v1_0.ev,v1_0.fuel_percent,v1_0.last_update,v1_0.latitude,v1_0.longitude,v1_0.model,v1_0.name,v1_0.next_maintenance_date,v1_0.number_plate,v1_0.odometer,v1_0.seats,v1_0.speed,v1_0.status,v1_0.tire_pressure,v1_0.tire_wear,v1_0.type from bookings b1_0 left join users u1_0 on u1_0.id=b1_0.user_id left join vehicles v1_0 on v1_0.id=b1_0.vehicle_id where b1_0.id=?
Hibernate: select b1_0.id,b1_0.amount,b1_0.end_location,b1_0.end_time,b1_0.estimated_duration,b1_0.rating,b1_0.review,b1_0.scheduled_start_time,b1_0.start_location,b1_0.start_time,b1_0.status,u1_0.id,u1_0.email,u1_0.name,u1_0.password,u1_0.role,v1_0.id,v1_0.battery_health,v1_0.battery_percent,v1_0.driver_contact,v1_0.driver_name,v1_0.driver_rating,v1_0.engine_health,v1_0.ev,v1_0.fuel_percent,v1_0.last_update,v1_0.latitude,v1_0.longitude,v1_0.model,v1_0.name,v1_0.next_maintenance_date,v1_0.number_plate,v1_0.odometer,v1_0.seats,v1_0.speed,v1_0.status,v1_0.tire_pressure,v1_0.tire_wear,v1_0.type from bookings b1_0 left join users u1_0 on u1_0.id=b1_0.user_id left join vehicles v1_0 on v1_0.id=b1_0.vehicle_id where b1_0.id=?
^C